#
# There is insufficient memory for the Java Runtime Environment to continue.
# Native memory allocation (mmap) failed to map 130023424 bytes for Failed to commit area from 0x0000000084000000 to 0x000000008bc00000 of length 130023424.
# Possible reasons:
#   The system is out of physical RAM or swap space
#   The process is running with CompressedOops enabled, and the Java Heap may be blocking the growth of the native heap
# Possible solutions:
#   Reduce memory load on the system
#   Increase physical memory or swap space
#   Check if swap backing store is full
#   Decrease Java heap size (-Xmx/-Xms)
#   Decrease number of Java threads
#   Decrease Java thread stack sizes (-Xss)
#   Set larger code cache with -XX:ReservedCodeCacheSize=
# This output file may be truncated or incomplete.
#
#  Out of Memory Error (./src/hotspot/os/windows/os_windows.cpp:3301), pid=22596, tid=21900
#
# JRE version:  (11.0.11+9) (build )
# Java VM: OpenJDK 64-Bit Server VM (11.0.11+9-b60-7590822, mixed mode, sharing, tiered, compressed oops, g1 gc, windows-amd64)
# No core dump will be written. Minidumps are not enabled by default on client versions of Windows
#

---------------  S U M M A R Y ------------

Command Line: 

Host: 11th Gen Intel(R) Core(TM) i5-1135G7 @ 2.40GHz, 8 cores, 7G,  Windows 10 , 64 bit Build 22000 (10.0.22000.434)
Time: Tue Mar 22 11:58:39 2022 India Standard Time elapsed time: 0.050296 seconds (0d 0h 0m 0s)

---------------  T H R E A D  ---------------

Current thread (0x000001901576b800):  JavaThread "Unknown thread" [_thread_in_vm, id=21900, stack(0x0000007a19300000,0x0000007a19400000)]

Stack: [0x0000007a19300000,0x0000007a19400000]
Native frames: (J=compiled Java code, j=interpreted, Vv=VM code, C=native code)
V  [jvm.dll+0x5f214a]
V  [jvm.dll+0x726fb5]
V  [jvm.dll+0x7285cd]
V  [jvm.dll+0x728c83]
V  [jvm.dll+0x243278]
V  [jvm.dll+0x5ef544]
V  [jvm.dll+0x5e4495]
V  [jvm.dll+0x2fec5b]
V  [jvm.dll+0x2febca]
V  [jvm.dll+0x2feaa2]
V  [jvm.dll+0x303986]
V  [jvm.dll+0x34c3a3]
V  [jvm.dll+0x34caa6]
V  [jvm.dll+0x34c4a3]
V  [jvm.dll+0x2d9688]
V  [jvm.dll+0x2da837]
V  [jvm.dll+0x705ba7]
V  [jvm.dll+0x70739c]
V  [jvm.dll+0x3598f9]
V  [jvm.dll+0x6e931e]
V  [jvm.dll+0x3c1c43]
V  [jvm.dll+0x3c3e81]
C  [jli.dll+0x5373]
C  [ucrtbase.dll+0x26c0c]
C  [KERNEL32.DLL+0x154e0]
C  [ntdll.dll+0x485b]


---------------  P R O C E S S  ---------------

Threads class SMR info:
_java_thread_list=0x0000019013d92000, length=0, elements={
}

Java Threads: ( => current thread )

Other Threads:
  0x0000019015782800 GCTaskThread "GC Thread#0" [stack: 0x0000007a19400000,0x0000007a19500000] [id=22428]
  0x00000190157b3000 ConcurrentGCThread "G1 Main Marker" [stack: 0x0000007a19500000,0x0000007a19600000] [id=26236]
  0x00000190157b4800 ConcurrentGCThread "G1 Conc#0" [stack: 0x0000007a19600000,0x0000007a19700000] [id=22316]

[error occurred during error reporting (printing all threads), id 0xc0000005, EXCEPTION_ACCESS_VIOLATION (0xc0000005) at pc=0x00007ffbab859c47]

VM state:not at safepoint (not fully initialized)

VM Mutex/Monitor currently owned by a thread:  ([mutex/lock_event])
[0x0000019015768470] Heap_lock - owner thread: 0x000001901576b800

Heap address: 0x0000000084000000, size: 1984 MB, Compressed Oops mode: Non-zero based: 0x0000000084000000
Narrow klass base: 0x0000000000000000, Narrow klass shift: 0

GC Heap History (0 events):
No events

Deoptimization events (0 events):
No events

Classes redefined (0 events):
No events

Internal exceptions (0 events):
No events

Events (1 events):
Event: 0.022 Loaded shared library C:\Program Files\Android\Android Studio\jre\bin\zip.dll


Dynamic libraries:
0x00007ff712630000 - 0x00007ff71263a000 	C:\Program Files\Android\Android Studio\jre\bin\java.EXE
0x00007ffc05a20000 - 0x00007ffc05c29000 	C:\WINDOWS\SYSTEM32\ntdll.dll
0x00007ffc044a0000 - 0x00007ffc0455d000 	C:\WINDOWS\System32\KERNEL32.DLL
0x00007ffc03290000 - 0x00007ffc03604000 	C:\WINDOWS\System32\KERNELBASE.dll
0x00007ffc02f10000 - 0x00007ffc03021000 	C:\WINDOWS\System32\ucrtbase.dll
0x00007ffbfa740000 - 0x00007ffbfa759000 	C:\Program Files\Android\Android Studio\jre\bin\jli.dll
0x00007ffbf7b60000 - 0x00007ffbf7b77000 	C:\Program Files\Android\Android Studio\jre\bin\VCRUNTIME140.dll
0x00007ffc03ff0000 - 0x00007ffc0419c000 	C:\WINDOWS\System32\USER32.dll
0x00007ffc031f0000 - 0x00007ffc03216000 	C:\WINDOWS\System32\win32u.dll
0x00007ffbdc320000 - 0x00007ffbdc5c5000 	C:\WINDOWS\WinSxS\amd64_microsoft.windows.common-controls_6595b64144ccf1df_6.0.22000.120_none_9d947278b86cc467\COMCTL32.dll
0x00007ffc04360000 - 0x00007ffc04389000 	C:\WINDOWS\System32\GDI32.dll
0x00007ffc04d40000 - 0x00007ffc04de3000 	C:\WINDOWS\System32\msvcrt.dll
0x00007ffc030d0000 - 0x00007ffc031e2000 	C:\WINDOWS\System32\gdi32full.dll
0x00007ffc03030000 - 0x00007ffc030cd000 	C:\WINDOWS\System32\msvcp_win.dll
0x00007ffc04300000 - 0x00007ffc04331000 	C:\WINDOWS\System32\IMM32.DLL
0x00007ffbebc90000 - 0x00007ffbebd2d000 	C:\Program Files\Android\Android Studio\jre\bin\msvcp140.dll
0x00007ffbab570000 - 0x00007ffbac045000 	C:\Program Files\Android\Android Studio\jre\bin\server\jvm.dll
0x00007ffc04390000 - 0x00007ffc0443e000 	C:\WINDOWS\System32\ADVAPI32.dll
0x00007ffc05440000 - 0x00007ffc054de000 	C:\WINDOWS\System32\sechost.dll
0x00007ffc05200000 - 0x00007ffc05320000 	C:\WINDOWS\System32\RPCRT4.dll
0x00007ffc05930000 - 0x00007ffc05938000 	C:\WINDOWS\System32\PSAPI.DLL
0x00007ffbf2150000 - 0x00007ffbf2159000 	C:\WINDOWS\SYSTEM32\WSOCK32.dll
0x00007ffbfa620000 - 0x00007ffbfa653000 	C:\WINDOWS\SYSTEM32\WINMM.dll
0x00007ffbfa5c0000 - 0x00007ffbfa5ca000 	C:\WINDOWS\SYSTEM32\VERSION.dll
0x00007ffc04290000 - 0x00007ffc042ff000 	C:\WINDOWS\System32\WS2_32.dll
0x00007ffc02100000 - 0x00007ffc02118000 	C:\WINDOWS\SYSTEM32\kernel.appcore.dll
0x00007ffbf9640000 - 0x00007ffbf9651000 	C:\Program Files\Android\Android Studio\jre\bin\verify.dll
0x00007ffc00870000 - 0x00007ffc00a91000 	C:\WINDOWS\SYSTEM32\DBGHELP.DLL
0x00007ffbf97b0000 - 0x00007ffbf97e1000 	C:\WINDOWS\SYSTEM32\dbgcore.DLL
0x00007ffc03780000 - 0x00007ffc037ff000 	C:\WINDOWS\System32\bcryptPrimitives.dll
0x00007ffbf6740000 - 0x00007ffbf6769000 	C:\Program Files\Android\Android Studio\jre\bin\java.dll
0x00007ffbfa2d0000 - 0x00007ffbfa2db000 	C:\Program Files\Android\Android Studio\jre\bin\jimage.dll
0x00007ffbf78a0000 - 0x00007ffbf78b8000 	C:\Program Files\Android\Android Studio\jre\bin\zip.dll

dbghelp: loaded successfully - version: 4.0.5 - missing functions: none
symbol engine: initialized successfully - sym options: 0x614 - pdb path: .;C:\Program Files\Android\Android Studio\jre\bin;C:\WINDOWS\SYSTEM32;C:\WINDOWS\WinSxS\amd64_microsoft.windows.common-controls_6595b64144ccf1df_6.0.22000.120_none_9d947278b86cc467;C:\Program Files\Android\Android Studio\jre\bin\server

VM Arguments:
java_command: <unknown>
java_class_path (initial): <not set>
Launcher Type: SUN_STANDARD

[Global flags]
     intx CICompilerCount                          = 4                                         {product} {ergonomic}
     uint ConcGCThreads                            = 2                                         {product} {ergonomic}
     uint G1ConcRefinementThreads                  = 8                                         {product} {ergonomic}
   size_t G1HeapRegionSize                         = 1048576                                   {product} {ergonomic}
    uintx GCDrainStackTargetSize                   = 64                                        {product} {ergonomic}
   size_t InitialHeapSize                          = 130023424                                 {product} {ergonomic}
   size_t MarkStackSize                            = 4194304                                   {product} {ergonomic}
   size_t MaxHeapSize                              = 2080374784                                {product} {ergonomic}
   size_t MinHeapDeltaBytes                        = 1048576                                   {product} {ergonomic}
    uintx NonNMethodCodeHeapSize                   = 5836300                                {pd product} {ergonomic}
    uintx NonProfiledCodeHeapSize                  = 122910970                              {pd product} {ergonomic}
    uintx ProfiledCodeHeapSize                     = 122910970                              {pd product} {ergonomic}
    uintx ReservedCodeCacheSize                    = 251658240                              {pd product} {ergonomic}
     bool SegmentedCodeCache                       = true                                      {product} {ergonomic}
     bool UseCompressedClassPointers               = true                                 {lp64_product} {ergonomic}
     bool UseCompressedOops                        = true                                 {lp64_product} {ergonomic}
     bool UseG1GC                                  = true                                      {product} {ergonomic}
     bool UseLargePagesIndividualAllocation        = false                                  {pd product} {ergonomic}

Logging:
Log output configuration:
 #0: stdout all=warning uptime,level,tags
 #1: stderr all=off uptime,level,tags

Environment Variables:
PATH=C:\Users\om\Downloads\gradle-7.4-bin\gradle-7.4\bin;C:\Python310\;C:\ProgramData\Oracle\Java\javapath;C:\WINDOWS\system32;C:\WINDOWS;C:\WINDOWS\System32\Wbem;C:\WINDOWS\System32\WindowsPowerShell\v1.0\;C:\WINDOWS\System32\OpenSSH\;C:\ProgramData\chocolatey\bin;C:\Users\om\AppData\Local\Android\Sdk\platform-tools;C:\Program Files\Git\cmd;C:\Program Files\nodejs\;C:\Users\om\AppData\Local\Programs\Microsoft VS Code\bin;C:\Users\om\AppData\Local\Microsoft\WindowsApps;D:\software\flutter_windows_2.10.0-stable;C:\Users\om\AppData\Roaming\npm;D:\software\flutter_windows_2.10.0-stable\flutter\bin\mingit\cmd
USERNAME=om
OS=Windows_NT
PROCESSOR_IDENTIFIER=Intel64 Family 6 Model 140 Stepping 1, GenuineIntel



---------------  S Y S T E M  ---------------

OS: Windows 10 , 64 bit Build 22000 (10.0.22000.434)
OS uptime: 11 days 1:42 hours

CPU:total 8 (initial active 8) (4 cores per cpu, 2 threads per core) family 6 model 140 stepping 1 microcode 0x86, cmov, cx8, fxsr, mmx, sse, sse2, sse3, ssse3, sse4.1, sse4.2, popcnt, avx, avx2, aes, clmul, erms, 3dnowpref, lzcnt, ht, tsc, tscinvbit, bmi1, bmi2, adx, evex, sha, fma

Memory: 4k page, system-wide physical 7930M (321M free)
TotalPageFile size 32506M (AvailPageFile size 19M)
current process WorkingSet (physical memory assigned to process): 9M, peak: 9M
current process commit charge ("private bytes"): 60M, peak: 183M

vm_info: OpenJDK 64-Bit Server VM (11.0.11+9-b60-7590822) for windows-amd64 JRE (11.0.11+9-b60-7590822), built on Jul 29 2021 21:43:44 by "builder" with MS VC++ 14.0 (VS2015)

END.
