#
# There is insufficient memory for the Java Runtime Environment to continue.
# Native memory allocation (malloc) failed to allocate 1507856 bytes for Chunk::new
# Possible reasons:
#   The system is out of physical RAM or swap space
#   The process is running with CompressedOops enabled, and the Java Heap may be blocking the growth of the native heap
# Possible solutions:
#   Reduce memory load on the system
#   Increase physical memory or swap space
#   Check if swap backing store is full
#   Decrease Java heap size (-Xmx/-Xms)
#   Decrease number of Java threads
#   Decrease Java thread stack sizes (-Xss)
#   Set larger code cache with -XX:ReservedCodeCacheSize=
#   JVM is running with Unscaled Compressed Oops mode in which the Java heap is
#     placed in the first 4GB address space. The Java Heap base address is the
#     maximum limit for the native heap growth. Please use -XX:HeapBaseMinAddress
#     to set the Java Heap base and to place the Java Heap above 4GB virtual address.
# This output file may be truncated or incomplete.
#
#  Out of Memory Error (./src/hotspot/share/memory/arena.cpp:197), pid=23908, tid=22748
#
# JRE version: OpenJDK Runtime Environment (11.0.11+9) (build 11.0.11+9-b60-7590822)
# Java VM: OpenJDK 64-Bit Server VM (11.0.11+9-b60-7590822, mixed mode, tiered, compressed oops, g1 gc, windows-amd64)
# No core dump will be written. Minidumps are not enabled by default on client versions of Windows
#

---------------  S U M M A R Y ------------

Command Line: --add-opens=java.base/java.util=ALL-UNNAMED --add-opens=java.base/java.lang=ALL-UNNAMED --add-opens=java.base/java.lang.invoke=ALL-UNNAMED --add-opens=java.base/java.util=ALL-UNNAMED --add-opens=java.prefs/java.util.prefs=ALL-UNNAMED --add-opens=java.prefs/java.util.prefs=ALL-UNNAMED --add-opens=java.base/java.nio.charset=ALL-UNNAMED --add-opens=java.base/java.net=ALL-UNNAMED --add-opens=java.base/java.util.concurrent.atomic=ALL-UNNAMED -Xmx1536M -Dfile.encoding=windows-1252 -Duser.country=IN -Duser.language=en -Duser.variant org.gradle.launcher.daemon.bootstrap.GradleDaemon 7.4

Host: 11th Gen Intel(R) Core(TM) i5-1135G7 @ 2.40GHz, 8 cores, 7G,  Windows 10 , 64 bit Build 22000 (10.0.22000.434)
Time: Tue Mar 22 11:14:30 2022 India Standard Time elapsed time: 5.709296 seconds (0d 0h 0m 5s)

---------------  T H R E A D  ---------------

Current thread (0x000001abdfc6b000):  JavaThread "C2 CompilerThread0" daemon [_thread_in_native, id=22748, stack(0x0000001c94800000,0x0000001c94900000)]


Current CompileTask:
C2:   5709 3595       4       java.net.URLClassLoader$1::run (5 bytes)

Stack: [0x0000001c94800000,0x0000001c94900000]
Native frames: (J=compiled Java code, j=interpreted, Vv=VM code, C=native code)
V  [jvm.dll+0x5f214a]
V  [jvm.dll+0x726fb5]
V  [jvm.dll+0x7285cd]
V  [jvm.dll+0x728c83]
V  [jvm.dll+0x243278]
V  [jvm.dll+0xbc53c]
V  [jvm.dll+0xbca3c]
V  [jvm.dll+0x353e3b]
V  [jvm.dll+0x19895c]
V  [jvm.dll+0x1fc2ee]
V  [jvm.dll+0x1fb3d4]
V  [jvm.dll+0x183d6c]
V  [jvm.dll+0x209a57]
V  [jvm.dll+0x2082a1]
V  [jvm.dll+0x6ef58f]
V  [jvm.dll+0x6e80b5]
V  [jvm.dll+0x5f1036]
C  [ucrtbase.dll+0x26c0c]
C  [KERNEL32.DLL+0x154e0]
C  [ntdll.dll+0x485b]


---------------  P R O C E S S  ---------------

Threads class SMR info:
_java_thread_list=0x000001abe2a5d700, length=38, elements={
0x000001abc6ac1800, 0x000001abdfc41000, 0x000001abdfc42000, 0x000001abdfc62000,
0x000001abdfc63000, 0x000001abdfc66000, 0x000001abdfc6b000, 0x000001abdfc6c800,
0x000001abdfc6d800, 0x000001abe0732000, 0x000001abe2925800, 0x000001abe09c6000,
0x000001abe1e06000, 0x000001abe288b000, 0x000001abe28f1000, 0x000001abe29c0000,
0x000001abe2513800, 0x000001abe266b800, 0x000001abe20f4000, 0x000001abe2b93000,
0x000001abe27f0000, 0x000001abe27ec000, 0x000001abe27ea000, 0x000001abe27ef000,
0x000001abe27f1000, 0x000001abe27eb000, 0x000001abe27ec800, 0x000001abe27ed800,
0x000001abe27ee800, 0x000001abe3f00000, 0x000001abe3eff800, 0x000001abe3f01000,
0x000001abe3efd000, 0x000001abe3f01800, 0x000001abe3efc000, 0x000001abe3f02800,
0x000001abe47c2800, 0x000001abe3f03800
}

Java Threads: ( => current thread )
  0x000001abc6ac1800 JavaThread "main" [_thread_blocked, id=21900, stack(0x0000001c93c00000,0x0000001c93d00000)]
  0x000001abdfc41000 JavaThread "Reference Handler" daemon [_thread_blocked, id=25964, stack(0x0000001c94300000,0x0000001c94400000)]
  0x000001abdfc42000 JavaThread "Finalizer" daemon [_thread_blocked, id=26216, stack(0x0000001c94400000,0x0000001c94500000)]
  0x000001abdfc62000 JavaThread "Signal Dispatcher" daemon [_thread_blocked, id=18736, stack(0x0000001c94500000,0x0000001c94600000)]
  0x000001abdfc63000 JavaThread "Attach Listener" daemon [_thread_blocked, id=26068, stack(0x0000001c94600000,0x0000001c94700000)]
  0x000001abdfc66000 JavaThread "Service Thread" daemon [_thread_blocked, id=19884, stack(0x0000001c94700000,0x0000001c94800000)]
=>0x000001abdfc6b000 JavaThread "C2 CompilerThread0" daemon [_thread_in_native, id=22748, stack(0x0000001c94800000,0x0000001c94900000)]
  0x000001abdfc6c800 JavaThread "C1 CompilerThread0" daemon [_thread_blocked, id=10540, stack(0x0000001c94900000,0x0000001c94a00000)]
  0x000001abdfc6d800 JavaThread "Sweeper thread" daemon [_thread_blocked, id=22988, stack(0x0000001c94a00000,0x0000001c94b00000)]
  0x000001abe0732000 JavaThread "Common-Cleaner" daemon [_thread_blocked, id=13608, stack(0x0000001c94b00000,0x0000001c94c00000)]
  0x000001abe2925800 JavaThread "Daemon health stats" [_thread_blocked, id=26164, stack(0x0000001c94f00000,0x0000001c95000000)]
  0x000001abe09c6000 JavaThread "Incoming local TCP Connector on port 49876" [_thread_in_native, id=26580, stack(0x0000001c94d00000,0x0000001c94e00000)]
  0x000001abe1e06000 JavaThread "Daemon periodic checks" [_thread_blocked, id=19440, stack(0x0000001c95000000,0x0000001c95100000)]
  0x000001abe288b000 JavaThread "Daemon" [_thread_blocked, id=25632, stack(0x0000001c95100000,0x0000001c95200000)]
  0x000001abe28f1000 JavaThread "Handler for socket connection from /127.0.0.1:49876 to /127.0.0.1:49877" [_thread_in_native, id=9400, stack(0x0000001c95200000,0x0000001c95300000)]
  0x000001abe29c0000 JavaThread "Cancel handler" [_thread_blocked, id=17752, stack(0x0000001c95300000,0x0000001c95400000)]
  0x000001abe2513800 JavaThread "Daemon worker" [_thread_in_vm, id=25656, stack(0x0000001c95400000,0x0000001c95500000)]
  0x000001abe266b800 JavaThread "Asynchronous log dispatcher for DefaultDaemonConnection: socket connection from /127.0.0.1:49876 to /127.0.0.1:49877" [_thread_blocked, id=12928, stack(0x0000001c95500000,0x0000001c95600000)]
  0x000001abe20f4000 JavaThread "Stdin handler" [_thread_blocked, id=25648, stack(0x0000001c95600000,0x0000001c95700000)]
  0x000001abe2b93000 JavaThread "Daemon client event forwarder" [_thread_blocked, id=19740, stack(0x0000001c95700000,0x0000001c95800000)]
  0x000001abe27f0000 JavaThread "Cache worker for journal cache (C:\Users\om\.gradle\caches\journal-1)" [_thread_blocked, id=19180, stack(0x0000001c95e00000,0x0000001c95f00000)]
  0x000001abe27ec000 JavaThread "File lock request listener" [_thread_in_native, id=23432, stack(0x0000001c95f00000,0x0000001c96000000)]
  0x000001abe27ea000 JavaThread "Cache worker for file hash cache (C:\Users\om\.gradle\caches\7.4\fileHashes)" [_thread_blocked, id=25208, stack(0x0000001c96000000,0x0000001c96100000)]
  0x000001abe27ef000 JavaThread "File watcher server" daemon [_thread_in_native, id=16992, stack(0x0000001c96200000,0x0000001c96300000)]
  0x000001abe27f1000 JavaThread "File watcher consumer" daemon [_thread_blocked, id=26060, stack(0x0000001c96300000,0x0000001c96400000)]
  0x000001abe27eb000 JavaThread "Cache worker for checksums cache (D:\OmLogistics\employee_attendance\android\.gradle\7.4\checksums)" [_thread_blocked, id=9928, stack(0x0000001c96400000,0x0000001c96500000)]
  0x000001abe27ec800 JavaThread "Cache worker for cache directory md-rule (C:\Users\om\.gradle\caches\7.4\md-rule)" [_thread_blocked, id=21680, stack(0x0000001c96500000,0x0000001c96600000)]
  0x000001abe27ed800 JavaThread "Cache worker for file hash cache (D:\OmLogistics\employee_attendance\android\.gradle\7.4\fileHashes)" [_thread_blocked, id=9908, stack(0x0000001c96600000,0x0000001c96700000)]
  0x000001abe27ee800 JavaThread "Cache worker for cache directory md-supplier (C:\Users\om\.gradle\caches\7.4\md-supplier)" [_thread_blocked, id=26528, stack(0x0000001c96700000,0x0000001c96800000)]
  0x000001abe3f00000 JavaThread "Cache worker for execution history cache (C:\Users\om\.gradle\caches\7.4\executionHistory)" [_thread_blocked, id=22076, stack(0x0000001c96800000,0x0000001c96900000)]
  0x000001abe3eff800 JavaThread "jar transforms" [_thread_blocked, id=11764, stack(0x0000001c96900000,0x0000001c96a00000)]
  0x000001abe3f01000 JavaThread "jar transforms Thread 2" [_thread_blocked, id=17640, stack(0x0000001c96a00000,0x0000001c96b00000)]
  0x000001abe3efd000 JavaThread "Cache worker for file content cache (C:\Users\om\.gradle\caches\7.4\fileContent)" [_thread_blocked, id=24580, stack(0x0000001c96c00000,0x0000001c96d00000)]
  0x000001abe3f01800 JavaThread "jar transforms Thread 3" [_thread_blocked, id=25516, stack(0x0000001c96d00000,0x0000001c96e00000)]
  0x000001abe3efc000 JavaThread "jar transforms Thread 4" [_thread_blocked, id=15140, stack(0x0000001c96e00000,0x0000001c96f00000)]
  0x000001abe3f02800 JavaThread "Cache worker for dependencies-accessors (D:\OmLogistics\employee_attendance\android\.gradle\7.4\dependencies-accessors)" [_thread_blocked, id=3620, stack(0x0000001c96f00000,0x0000001c97000000)]
  0x000001abe47c2800 JavaThread "C2 CompilerThread1" daemon [_thread_in_native, id=21632, stack(0x0000001c96b00000,0x0000001c96c00000)]
  0x000001abe3f03800 JavaThread "jar transforms Thread 5" [_thread_blocked, id=22388, stack(0x0000001c97000000,0x0000001c97100000)]

Other Threads:
  0x000001abdfc3d800 VMThread "VM Thread" [stack: 0x0000001c94200000,0x0000001c94300000] [id=20384]
  0x000001abe074d800 WatcherThread [stack: 0x0000001c94c00000,0x0000001c94d00000] [id=2312]
  0x000001abc6adb000 GCTaskThread "GC Thread#0" [stack: 0x0000001c93d00000,0x0000001c93e00000] [id=23016]
  0x000001abe1770800 GCTaskThread "GC Thread#1" [stack: 0x0000001c94e00000,0x0000001c94f00000] [id=20980]
  0x000001abe1522800 GCTaskThread "GC Thread#2" [stack: 0x0000001c95800000,0x0000001c95900000] [id=26256]
  0x000001abe3065000 GCTaskThread "GC Thread#3" [stack: 0x0000001c95900000,0x0000001c95a00000] [id=26620]
  0x000001abe322c000 GCTaskThread "GC Thread#4" [stack: 0x0000001c95a00000,0x0000001c95b00000] [id=13120]
  0x000001abe322c800 GCTaskThread "GC Thread#5" [stack: 0x0000001c95b00000,0x0000001c95c00000] [id=4804]
  0x000001abe2137800 GCTaskThread "GC Thread#6" [stack: 0x0000001c95c00000,0x0000001c95d00000] [id=24696]
  0x000001abe2138000 GCTaskThread "GC Thread#7" [stack: 0x0000001c95d00000,0x0000001c95e00000] [id=26344]
  0x000001abc6b01800 ConcurrentGCThread "G1 Main Marker" [stack: 0x0000001c93e00000,0x0000001c93f00000] [id=15432]
  0x000001abc6b03000 ConcurrentGCThread "G1 Conc#0" [stack: 0x0000001c93f00000,0x0000001c94000000] [id=18196]
  0x000001abe3c00800 ConcurrentGCThread "G1 Conc#1" [stack: 0x0000001c96100000,0x0000001c96200000] [id=21496]
  0x000001abc6b93800 ConcurrentGCThread "G1 Refine#0" [stack: 0x0000001c94000000,0x0000001c94100000] [id=24764]
  0x000001abc6b94800 ConcurrentGCThread "G1 Young RemSet Sampling" [stack: 0x0000001c94100000,0x0000001c94200000] [id=18396]

Threads with active compile tasks:
C2 CompilerThread0   5741 3595       4       java.net.URLClassLoader$1::run (5 bytes)
C1 CompilerThread0   5741 3740   !   3       com.sun.beans.util.Cache::get (256 bytes)
C2 CompilerThread1   5741 3596   !   4       java.net.URLClassLoader$1::run (63 bytes)

VM state:not at safepoint (normal execution)

VM Mutex/Monitor currently owned by a thread: None

Heap address: 0x00000000a0000000, size: 1536 MB, Compressed Oops mode: 32-bit
Narrow klass base: 0x0000000000000000, Narrow klass shift: 3
Compressed class space size: 1073741824 Address: 0x0000000100000000

Heap:
 garbage-first heap   total 126976K, used 74757K [0x00000000a0000000, 0x0000000100000000)
  region size 1024K, 56 young (57344K), 9 survivors (9216K)
 Metaspace       used 43842K, capacity 44797K, committed 44876K, reserved 1087488K
  class space    used 5559K, capacity 5933K, committed 5964K, reserved 1048576K
Heap Regions: E=young(eden), S=young(survivor), O=old, HS=humongous(starts), HC=humongous(continues), CS=collection set, F=free, A=archive, TAMS=top-at-mark-start (previous, next)
|   0|0x00000000a0000000, 0x00000000a0100000, 0x00000000a0100000|100%| O|  |TAMS 0x00000000a0100000, 0x00000000a0000000| Untracked 
|   1|0x00000000a0100000, 0x00000000a0200000, 0x00000000a0200000|100%| O|  |TAMS 0x00000000a0200000, 0x00000000a0100000| Untracked 
|   2|0x00000000a0200000, 0x00000000a0300000, 0x00000000a0300000|100%| O|  |TAMS 0x00000000a0300000, 0x00000000a0200000| Untracked 
|   3|0x00000000a0300000, 0x00000000a0400000, 0x00000000a0400000|100%|HS|  |TAMS 0x00000000a0400000, 0x00000000a0300000| Complete 
|   4|0x00000000a0400000, 0x00000000a0500000, 0x00000000a0500000|100%|HC|  |TAMS 0x00000000a0500000, 0x00000000a0400000| Complete 
|   5|0x00000000a0500000, 0x00000000a0600000, 0x00000000a0600000|100%|HC|  |TAMS 0x00000000a0600000, 0x00000000a0500000| Complete 
|   6|0x00000000a0600000, 0x00000000a0700000, 0x00000000a0700000|100%| O|  |TAMS 0x00000000a0700000, 0x00000000a0600000| Untracked 
|   7|0x00000000a0700000, 0x00000000a0800000, 0x00000000a0800000|100%| O|  |TAMS 0x00000000a0800000, 0x00000000a0700000| Untracked 
|   8|0x00000000a0800000, 0x00000000a0900000, 0x00000000a0900000|100%| O|  |TAMS 0x00000000a0900000, 0x00000000a0800000| Untracked 
|   9|0x00000000a0900000, 0x00000000a0a00000, 0x00000000a0a00000|100%| O|  |TAMS 0x00000000a0a00000, 0x00000000a0900000| Untracked 
|  10|0x00000000a0a00000, 0x00000000a0b00000, 0x00000000a0b00000|100%| O|  |TAMS 0x00000000a0b00000, 0x00000000a0a00000| Untracked 
|  11|0x00000000a0b00000, 0x00000000a0c00000, 0x00000000a0c00000|100%| O|  |TAMS 0x00000000a0c00000, 0x00000000a0b00000| Untracked 
|  12|0x00000000a0c00000, 0x00000000a0d00000, 0x00000000a0d00000|100%| O|  |TAMS 0x00000000a0d00000, 0x00000000a0c00000| Untracked 
|  13|0x00000000a0d00000, 0x00000000a0e00000, 0x00000000a0e00000|100%| O|  |TAMS 0x00000000a0e00000, 0x00000000a0d00000| Untracked 
|  14|0x00000000a0e00000, 0x00000000a0f00000, 0x00000000a0f00000|100%| O|  |TAMS 0x00000000a0f00000, 0x00000000a0e00000| Untracked 
|  15|0x00000000a0f00000, 0x00000000a1000000, 0x00000000a1000000|100%| O|  |TAMS 0x00000000a0fa7600, 0x00000000a0f00000| Untracked 
|  16|0x00000000a1000000, 0x00000000a1100000, 0x00000000a1100000|100%|HS|  |TAMS 0x00000000a1000000, 0x00000000a1000000| Complete 
|  17|0x00000000a1100000, 0x00000000a1100000, 0x00000000a1200000|  0%| F|  |TAMS 0x00000000a1100000, 0x00000000a1100000| Untracked 
|  18|0x00000000a1200000, 0x00000000a1200000, 0x00000000a1300000|  0%| F|  |TAMS 0x00000000a1200000, 0x00000000a1200000| Untracked 
|  19|0x00000000a1300000, 0x00000000a1400000, 0x00000000a1400000|100%| O|  |TAMS 0x00000000a1300000, 0x00000000a1300000| Untracked 
|  20|0x00000000a1400000, 0x00000000a1500000, 0x00000000a1500000|100%| O|  |TAMS 0x00000000a1400000, 0x00000000a1400000| Untracked 
|  21|0x00000000a1500000, 0x00000000a158ba00, 0x00000000a1600000| 54%| O|  |TAMS 0x00000000a1500000, 0x00000000a1500000| Untracked 
|  22|0x00000000a1600000, 0x00000000a1600000, 0x00000000a1700000|  0%| F|  |TAMS 0x00000000a1600000, 0x00000000a1600000| Untracked 
|  23|0x00000000a1700000, 0x00000000a1700000, 0x00000000a1800000|  0%| F|  |TAMS 0x00000000a1700000, 0x00000000a1700000| Untracked 
|  24|0x00000000a1800000, 0x00000000a1800000, 0x00000000a1900000|  0%| F|  |TAMS 0x00000000a1800000, 0x00000000a1800000| Untracked 
|  25|0x00000000a1900000, 0x00000000a1900000, 0x00000000a1a00000|  0%| F|  |TAMS 0x00000000a1900000, 0x00000000a1900000| Untracked 
|  26|0x00000000a1a00000, 0x00000000a1a00000, 0x00000000a1b00000|  0%| F|  |TAMS 0x00000000a1a00000, 0x00000000a1a00000| Untracked 
|  27|0x00000000a1b00000, 0x00000000a1b00000, 0x00000000a1c00000|  0%| F|  |TAMS 0x00000000a1b00000, 0x00000000a1b00000| Untracked 
|  28|0x00000000a1c00000, 0x00000000a1c00000, 0x00000000a1d00000|  0%| F|  |TAMS 0x00000000a1c00000, 0x00000000a1c00000| Untracked 
|  29|0x00000000a1d00000, 0x00000000a1d00000, 0x00000000a1e00000|  0%| F|  |TAMS 0x00000000a1d00000, 0x00000000a1d00000| Untracked 
|  30|0x00000000a1e00000, 0x00000000a1e00000, 0x00000000a1f00000|  0%| F|  |TAMS 0x00000000a1e00000, 0x00000000a1e00000| Untracked 
|  31|0x00000000a1f00000, 0x00000000a1f00000, 0x00000000a2000000|  0%| F|  |TAMS 0x00000000a1f00000, 0x00000000a1f00000| Untracked 
|  32|0x00000000a2000000, 0x00000000a2000000, 0x00000000a2100000|  0%| F|  |TAMS 0x00000000a2000000, 0x00000000a2000000| Untracked 
|  33|0x00000000a2100000, 0x00000000a2100000, 0x00000000a2200000|  0%| F|  |TAMS 0x00000000a2100000, 0x00000000a2100000| Untracked 
|  34|0x00000000a2200000, 0x00000000a2200000, 0x00000000a2300000|  0%| F|  |TAMS 0x00000000a2200000, 0x00000000a2200000| Untracked 
|  35|0x00000000a2300000, 0x00000000a2300000, 0x00000000a2400000|  0%| F|  |TAMS 0x00000000a2300000, 0x00000000a2300000| Untracked 
|  36|0x00000000a2400000, 0x00000000a2400000, 0x00000000a2500000|  0%| F|  |TAMS 0x00000000a2400000, 0x00000000a2400000| Untracked 
|  37|0x00000000a2500000, 0x00000000a2500000, 0x00000000a2600000|  0%| F|  |TAMS 0x00000000a2500000, 0x00000000a2500000| Untracked 
|  38|0x00000000a2600000, 0x00000000a2600000, 0x00000000a2700000|  0%| F|  |TAMS 0x00000000a2600000, 0x00000000a2600000| Untracked 
|  39|0x00000000a2700000, 0x00000000a2700000, 0x00000000a2800000|  0%| F|  |TAMS 0x00000000a2700000, 0x00000000a2700000| Untracked 
|  40|0x00000000a2800000, 0x00000000a2800000, 0x00000000a2900000|  0%| F|  |TAMS 0x00000000a2800000, 0x00000000a2800000| Untracked 
|  41|0x00000000a2900000, 0x00000000a2900000, 0x00000000a2a00000|  0%| F|  |TAMS 0x00000000a2900000, 0x00000000a2900000| Untracked 
|  42|0x00000000a2a00000, 0x00000000a2a00000, 0x00000000a2b00000|  0%| F|  |TAMS 0x00000000a2a00000, 0x00000000a2a00000| Untracked 
|  43|0x00000000a2b00000, 0x00000000a2b00000, 0x00000000a2c00000|  0%| F|  |TAMS 0x00000000a2b00000, 0x00000000a2b00000| Untracked 
|  44|0x00000000a2c00000, 0x00000000a2c00000, 0x00000000a2d00000|  0%| F|  |TAMS 0x00000000a2c00000, 0x00000000a2c00000| Untracked 
|  45|0x00000000a2d00000, 0x00000000a2d00000, 0x00000000a2e00000|  0%| F|  |TAMS 0x00000000a2d00000, 0x00000000a2d00000| Untracked 
|  46|0x00000000a2e00000, 0x00000000a2e00000, 0x00000000a2f00000|  0%| F|  |TAMS 0x00000000a2e00000, 0x00000000a2e00000| Untracked 
|  47|0x00000000a2f00000, 0x00000000a2f00000, 0x00000000a3000000|  0%| F|  |TAMS 0x00000000a2f00000, 0x00000000a2f00000| Untracked 
|  48|0x00000000a3000000, 0x00000000a3000000, 0x00000000a3100000|  0%| F|  |TAMS 0x00000000a3000000, 0x00000000a3000000| Untracked 
|  49|0x00000000a3100000, 0x00000000a3100000, 0x00000000a3200000|  0%| F|  |TAMS 0x00000000a3100000, 0x00000000a3100000| Untracked 
|  50|0x00000000a3200000, 0x00000000a3200000, 0x00000000a3300000|  0%| F|  |TAMS 0x00000000a3200000, 0x00000000a3200000| Untracked 
|  51|0x00000000a3300000, 0x00000000a3300000, 0x00000000a3400000|  0%| F|  |TAMS 0x00000000a3300000, 0x00000000a3300000| Untracked 
|  52|0x00000000a3400000, 0x00000000a3400000, 0x00000000a3500000|  0%| F|  |TAMS 0x00000000a3400000, 0x00000000a3400000| Untracked 
|  53|0x00000000a3500000, 0x00000000a3500000, 0x00000000a3600000|  0%| F|  |TAMS 0x00000000a3500000, 0x00000000a3500000| Untracked 
|  54|0x00000000a3600000, 0x00000000a3600000, 0x00000000a3700000|  0%| F|  |TAMS 0x00000000a3600000, 0x00000000a3600000| Untracked 
|  55|0x00000000a3700000, 0x00000000a3700000, 0x00000000a3800000|  0%| F|  |TAMS 0x00000000a3700000, 0x00000000a3700000| Untracked 
|  56|0x00000000a3800000, 0x00000000a3800000, 0x00000000a3900000|  0%| F|  |TAMS 0x00000000a3800000, 0x00000000a3800000| Untracked 
|  57|0x00000000a3900000, 0x00000000a3900000, 0x00000000a3a00000|  0%| F|  |TAMS 0x00000000a3900000, 0x00000000a3900000| Untracked 
|  58|0x00000000a3a00000, 0x00000000a3a00000, 0x00000000a3b00000|  0%| F|  |TAMS 0x00000000a3a00000, 0x00000000a3a00000| Untracked 
|  59|0x00000000a3b00000, 0x00000000a3b00000, 0x00000000a3c00000|  0%| F|  |TAMS 0x00000000a3b00000, 0x00000000a3b00000| Untracked 
|  60|0x00000000a3c00000, 0x00000000a3c00000, 0x00000000a3d00000|  0%| F|  |TAMS 0x00000000a3c00000, 0x00000000a3c00000| Untracked 
|  61|0x00000000a3d00000, 0x00000000a3d00000, 0x00000000a3e00000|  0%| F|  |TAMS 0x00000000a3d00000, 0x00000000a3d00000| Untracked 
|  62|0x00000000a3e00000, 0x00000000a3e00000, 0x00000000a3f00000|  0%| F|  |TAMS 0x00000000a3e00000, 0x00000000a3e00000| Untracked 
|  63|0x00000000a3f00000, 0x00000000a3f00000, 0x00000000a4000000|  0%| F|  |TAMS 0x00000000a3f00000, 0x00000000a3f00000| Untracked 
|  64|0x00000000a4000000, 0x00000000a4000000, 0x00000000a4100000|  0%| F|  |TAMS 0x00000000a4000000, 0x00000000a4000000| Untracked 
|  65|0x00000000a4100000, 0x00000000a4100000, 0x00000000a4200000|  0%| F|  |TAMS 0x00000000a4100000, 0x00000000a4100000| Untracked 
|  66|0x00000000a4200000, 0x00000000a4200000, 0x00000000a4300000|  0%| F|  |TAMS 0x00000000a4200000, 0x00000000a4200000| Untracked 
|  67|0x00000000a4300000, 0x00000000a4300000, 0x00000000a4400000|  0%| F|  |TAMS 0x00000000a4300000, 0x00000000a4300000| Untracked 
|  68|0x00000000a4400000, 0x00000000a4453090, 0x00000000a4500000| 32%| S|CS|TAMS 0x00000000a4400000, 0x00000000a4400000| Complete 
|  69|0x00000000a4500000, 0x00000000a4600000, 0x00000000a4600000|100%| S|CS|TAMS 0x00000000a4500000, 0x00000000a4500000| Complete 
|  70|0x00000000a4600000, 0x00000000a4700000, 0x00000000a4700000|100%| S|CS|TAMS 0x00000000a4600000, 0x00000000a4600000| Complete 
|  71|0x00000000a4700000, 0x00000000a4800000, 0x00000000a4800000|100%| S|CS|TAMS 0x00000000a4700000, 0x00000000a4700000| Complete 
|  72|0x00000000a4800000, 0x00000000a4900000, 0x00000000a4900000|100%| S|CS|TAMS 0x00000000a4800000, 0x00000000a4800000| Complete 
|  73|0x00000000a4900000, 0x00000000a4a00000, 0x00000000a4a00000|100%| S|CS|TAMS 0x00000000a4900000, 0x00000000a4900000| Complete 
|  74|0x00000000a4a00000, 0x00000000a4b00000, 0x00000000a4b00000|100%| S|CS|TAMS 0x00000000a4a00000, 0x00000000a4a00000| Complete 
|  75|0x00000000a4b00000, 0x00000000a4c00000, 0x00000000a4c00000|100%| S|CS|TAMS 0x00000000a4b00000, 0x00000000a4b00000| Complete 
|  76|0x00000000a4c00000, 0x00000000a4c00000, 0x00000000a4d00000|  0%| F|  |TAMS 0x00000000a4c00000, 0x00000000a4c00000| Untracked 
|  77|0x00000000a4d00000, 0x00000000a4d00000, 0x00000000a4e00000|  0%| F|  |TAMS 0x00000000a4d00000, 0x00000000a4d00000| Untracked 
|  78|0x00000000a4e00000, 0x00000000a4e00000, 0x00000000a4f00000|  0%| F|  |TAMS 0x00000000a4e00000, 0x00000000a4e00000| Untracked 
|  79|0x00000000a4f00000, 0x00000000a4f00000, 0x00000000a5000000|  0%| F|  |TAMS 0x00000000a4f00000, 0x00000000a4f00000| Untracked 
|  80|0x00000000a5000000, 0x00000000a5000000, 0x00000000a5100000|  0%| F|  |TAMS 0x00000000a5000000, 0x00000000a5000000| Untracked 
|  81|0x00000000a5100000, 0x00000000a5100000, 0x00000000a5200000|  0%| F|  |TAMS 0x00000000a5100000, 0x00000000a5100000| Untracked 
|  82|0x00000000a5200000, 0x00000000a5200000, 0x00000000a5300000|  0%| F|  |TAMS 0x00000000a5200000, 0x00000000a5200000| Untracked 
|  83|0x00000000a5300000, 0x00000000a5300000, 0x00000000a5400000|  0%| F|  |TAMS 0x00000000a5300000, 0x00000000a5300000| Untracked 
|  84|0x00000000a5400000, 0x00000000a5400000, 0x00000000a5500000|  0%| F|  |TAMS 0x00000000a5400000, 0x00000000a5400000| Untracked 
|  85|0x00000000a5500000, 0x00000000a5500000, 0x00000000a5600000|  0%| F|  |TAMS 0x00000000a5500000, 0x00000000a5500000| Untracked 
|  86|0x00000000a5600000, 0x00000000a5600000, 0x00000000a5700000|  0%| F|  |TAMS 0x00000000a5600000, 0x00000000a5600000| Untracked 
|  87|0x00000000a5700000, 0x00000000a5700000, 0x00000000a5800000|  0%| F|  |TAMS 0x00000000a5700000, 0x00000000a5700000| Untracked 
|  88|0x00000000a5800000, 0x00000000a5800000, 0x00000000a5900000|  0%| F|  |TAMS 0x00000000a5800000, 0x00000000a5800000| Untracked 
|  89|0x00000000a5900000, 0x00000000a5900000, 0x00000000a5a00000|  0%| F|  |TAMS 0x00000000a5900000, 0x00000000a5900000| Untracked 
|  90|0x00000000a5a00000, 0x00000000a5a00000, 0x00000000a5b00000|  0%| F|  |TAMS 0x00000000a5a00000, 0x00000000a5a00000| Untracked 
|  91|0x00000000a5b00000, 0x00000000a5b00000, 0x00000000a5c00000|  0%| F|  |TAMS 0x00000000a5b00000, 0x00000000a5b00000| Untracked 
|  92|0x00000000a5c00000, 0x00000000a5c00000, 0x00000000a5d00000|  0%| F|  |TAMS 0x00000000a5c00000, 0x00000000a5c00000| Untracked 
|  93|0x00000000a5d00000, 0x00000000a5d00000, 0x00000000a5e00000|  0%| F|  |TAMS 0x00000000a5d00000, 0x00000000a5d00000| Untracked 
|  94|0x00000000a5e00000, 0x00000000a5e00000, 0x00000000a5f00000|  0%| F|  |TAMS 0x00000000a5e00000, 0x00000000a5e00000| Untracked 
|  95|0x00000000a5f00000, 0x00000000a5f00000, 0x00000000a6000000|  0%| F|  |TAMS 0x00000000a5f00000, 0x00000000a5f00000| Untracked 
|  96|0x00000000a6000000, 0x00000000a6000000, 0x00000000a6100000|  0%| F|  |TAMS 0x00000000a6000000, 0x00000000a6000000| Untracked 
|  97|0x00000000a6100000, 0x00000000a6100000, 0x00000000a6200000|  0%| F|  |TAMS 0x00000000a6100000, 0x00000000a6100000| Untracked 
|  98|0x00000000a6200000, 0x00000000a6200000, 0x00000000a6300000|  0%| F|  |TAMS 0x00000000a6200000, 0x00000000a6200000| Untracked 
|  99|0x00000000a6300000, 0x00000000a6300000, 0x00000000a6400000|  0%| F|  |TAMS 0x00000000a6300000, 0x00000000a6300000| Untracked 
| 100|0x00000000a6400000, 0x00000000a6400000, 0x00000000a6500000|  0%| F|  |TAMS 0x00000000a6400000, 0x00000000a6400000| Untracked 
| 101|0x00000000a6500000, 0x00000000a6500000, 0x00000000a6600000|  0%| F|  |TAMS 0x00000000a6500000, 0x00000000a6500000| Untracked 
| 102|0x00000000a6600000, 0x00000000a6600000, 0x00000000a6700000|  0%| F|  |TAMS 0x00000000a6600000, 0x00000000a6600000| Untracked 
| 103|0x00000000a6700000, 0x00000000a6700000, 0x00000000a6800000|  0%| F|  |TAMS 0x00000000a6700000, 0x00000000a6700000| Untracked 
| 104|0x00000000a6800000, 0x00000000a6800000, 0x00000000a6900000|  0%| F|  |TAMS 0x00000000a6800000, 0x00000000a6800000| Untracked 
| 105|0x00000000a6900000, 0x00000000a6900000, 0x00000000a6a00000|  0%| F|  |TAMS 0x00000000a6900000, 0x00000000a6900000| Untracked 
| 106|0x00000000a6a00000, 0x00000000a6a00000, 0x00000000a6b00000|  0%| F|  |TAMS 0x00000000a6a00000, 0x00000000a6a00000| Untracked 
| 107|0x00000000a6b00000, 0x00000000a6b00000, 0x00000000a6c00000|  0%| F|  |TAMS 0x00000000a6b00000, 0x00000000a6b00000| Untracked 
| 108|0x00000000a6c00000, 0x00000000a6c00000, 0x00000000a6d00000|  0%| F|  |TAMS 0x00000000a6c00000, 0x00000000a6c00000| Untracked 
| 109|0x00000000a6d00000, 0x00000000a6d00000, 0x00000000a6e00000|  0%| F|  |TAMS 0x00000000a6d00000, 0x00000000a6d00000| Untracked 
| 110|0x00000000a6e00000, 0x00000000a6e00000, 0x00000000a6f00000|  0%| F|  |TAMS 0x00000000a6e00000, 0x00000000a6e00000| Untracked 
| 111|0x00000000a6f00000, 0x00000000a6f00000, 0x00000000a7000000|  0%| F|  |TAMS 0x00000000a6f00000, 0x00000000a6f00000| Untracked 
| 112|0x00000000a7000000, 0x00000000a7000000, 0x00000000a7100000|  0%| F|  |TAMS 0x00000000a7000000, 0x00000000a7000000| Untracked 
| 113|0x00000000a7100000, 0x00000000a7100000, 0x00000000a7200000|  0%| F|  |TAMS 0x00000000a7100000, 0x00000000a7100000| Untracked 
| 114|0x00000000a7200000, 0x00000000a7200000, 0x00000000a7300000|  0%| F|  |TAMS 0x00000000a7200000, 0x00000000a7200000| Untracked 
| 115|0x00000000a7300000, 0x00000000a7300000, 0x00000000a7400000|  0%| F|  |TAMS 0x00000000a7300000, 0x00000000a7300000| Untracked 
| 116|0x00000000a7400000, 0x00000000a7400000, 0x00000000a7500000|  0%| F|  |TAMS 0x00000000a7400000, 0x00000000a7400000| Untracked 
| 117|0x00000000a7500000, 0x00000000a7500000, 0x00000000a7600000|  0%| F|  |TAMS 0x00000000a7500000, 0x00000000a7500000| Untracked 
| 118|0x00000000a7600000, 0x00000000a7600000, 0x00000000a7700000|  0%| F|  |TAMS 0x00000000a7600000, 0x00000000a7600000| Untracked 
| 119|0x00000000a7700000, 0x00000000a7700000, 0x00000000a7800000|  0%| F|  |TAMS 0x00000000a7700000, 0x00000000a7700000| Untracked 
| 120|0x00000000a7800000, 0x00000000a7800000, 0x00000000a7900000|  0%| F|  |TAMS 0x00000000a7800000, 0x00000000a7800000| Untracked 
| 121|0x00000000a7900000, 0x00000000a7900000, 0x00000000a7a00000|  0%| F|  |TAMS 0x00000000a7900000, 0x00000000a7900000| Untracked 
| 122|0x00000000a7a00000, 0x00000000a7a00000, 0x00000000a7b00000|  0%| F|  |TAMS 0x00000000a7a00000, 0x00000000a7a00000| Untracked 
| 123|0x00000000a7b00000, 0x00000000a7b00000, 0x00000000a7c00000|  0%| F|  |TAMS 0x00000000a7b00000, 0x00000000a7b00000| Untracked 

Card table byte_map: [0x000001abd9c00000,0x000001abd9f00000] _byte_map_base: 0x000001abd9700000

Marking Bits (Prev, Next): (CMBitMap*) 0x000001abc6afa808, (CMBitMap*) 0x000001abc6afa840
 Prev Bits: [0x000001abda200000, 0x000001abdba00000)
 Next Bits: [0x000001abdba00000, 0x000001abdd200000)

Polling page: 0x000001abc62a0000

Metaspace:

Usage:
  Non-class:     37.95 MB capacity,    37.40 MB ( 99%) used,   461.41 KB (  1%) free+waste,   101.19 KB ( <1%) overhead. 
      Class:      5.79 MB capacity,     5.43 MB ( 94%) used,   322.95 KB (  5%) free+waste,    48.13 KB ( <1%) overhead. 
       Both:     43.75 MB capacity,    42.84 MB ( 98%) used,   784.37 KB (  2%) free+waste,   149.31 KB ( <1%) overhead. 

Virtual space:
  Non-class space:       46.00 MB reserved,      38.00 MB ( 83%) committed 
      Class space:        1.00 GB reserved,       5.82 MB ( <1%) committed 
             Both:        1.04 GB reserved,      43.82 MB (  4%) committed 

Chunk freelists:
   Non-Class:  48.00 KB
       Class:  1.00 KB
        Both:  49.00 KB

MaxMetaspaceSize: 17179869184.00 GB
CompressedClassSpaceSize: 1.00 GB

CodeHeap 'non-profiled nmethods': size=120000Kb used=1880Kb max_used=1880Kb free=118120Kb
 bounds [0x000001abd2090000, 0x000001abd2300000, 0x000001abd95c0000]
CodeHeap 'profiled nmethods': size=120000Kb used=8068Kb max_used=8068Kb free=111931Kb
 bounds [0x000001abcab60000, 0x000001abcb350000, 0x000001abd2090000]
CodeHeap 'non-nmethods': size=5760Kb used=2216Kb max_used=2256Kb free=3543Kb
 bounds [0x000001abca5c0000, 0x000001abca830000, 0x000001abcab60000]
 total_blobs=4497 nmethods=3727 adapters=681
 compilation: enabled
              stopped_count=0, restarted_count=0
 full_count=0

Compilation events (20 events):
Event: 5.660 Thread 0x000001abdfc6c800 3674       3       com.google.common.cache.LocalCache::usesValueReferences (16 bytes)
Event: 5.660 Thread 0x000001abdfc6c800 nmethod 3674 0x000001abcb305510 code [0x000001abcb3056c0, 0x000001abcb305838]
Event: 5.660 Thread 0x000001abdfc6c800 3675       1       com.google.common.cache.LocalCache$2::peek (2 bytes)
Event: 5.660 Thread 0x000001abdfc6c800 nmethod 3675 0x000001abd2264e10 code [0x000001abd2264fc0, 0x000001abd2265078]
Event: 5.662 Thread 0x000001abdfc6c800 3676   !   3       java.util.concurrent.locks.AbstractQueuedSynchronizer::acquireQueued (74 bytes)
Event: 5.663 Thread 0x000001abdfc6c800 nmethod 3676 0x000001abcb305910 code [0x000001abcb305bc0, 0x000001abcb306868]
Event: 5.663 Thread 0x000001abdfc6c800 3678       3       java.lang.StringBuilder::append (6 bytes)
Event: 5.663 Thread 0x000001abdfc6c800 nmethod 3678 0x000001abcb306d90 code [0x000001abcb306f60, 0x000001abcb307108]
Event: 5.663 Thread 0x000001abdfc6c800 3679       3       java.lang.StringBuilder::append (6 bytes)
Event: 5.663 Thread 0x000001abdfc6c800 nmethod 3679 0x000001abcb307210 code [0x000001abcb3073e0, 0x000001abcb307588]
Event: 5.666 Thread 0x000001abdfc6c800 3680       3       java.util.concurrent.atomic.AtomicReferenceArray::set (13 bytes)
Event: 5.667 Thread 0x000001abdfc6c800 nmethod 3680 0x000001abcb307690 code [0x000001abcb307980, 0x000001abcb3089a8]
Event: 5.667 Thread 0x000001abdfc6c800 3681       3       java.lang.invoke.VarHandleGuards::guard_LIL_V (114 bytes)
Event: 5.669 Thread 0x000001abdfc6c800 nmethod 3681 0x000001abcb309010 code [0x000001abcb309380, 0x000001abcb30ae48]
Event: 5.669 Thread 0x000001abdfc6c800 3683       3       org.gradle.internal.instantiation.generator.AbstractClassGenerator$MethodMetadata::shouldImplement (16 bytes)
Event: 5.670 Thread 0x000001abdfc6c800 nmethod 3683 0x000001abcb30b710 code [0x000001abcb30b8c0, 0x000001abcb30baf8]
Event: 5.670 Thread 0x000001abdfc6c800 3684       3       org.gradle.internal.instantiation.generator.AbstractClassGenerator$PropertyMetadata::isReadable (13 bytes)
Event: 5.670 Thread 0x000001abdfc6c800 nmethod 3684 0x000001abcb30bc10 code [0x000001abcb30bdc0, 0x000001abcb30bf18]
Event: 5.670 Thread 0x000001abdfc6c800 3685       3       org.gradle.internal.instantiation.generator.AbstractClassGenerator$PropertyMetadata::isWritable (18 bytes)
Event: 5.670 Thread 0x000001abdfc6c800 nmethod 3685 0x000001abcb30bf90 code [0x000001abcb30c160, 0x000001abcb30c388]

GC Heap History (12 events):
Event: 0.475 GC heap before
{Heap before GC invocations=0 (full 0):
 garbage-first heap   total 126976K, used 29696K [0x00000000a0000000, 0x0000000100000000)
  region size 1024K, 24 young (24576K), 0 survivors (0K)
 Metaspace       used 10161K, capacity 10365K, committed 10624K, reserved 1058816K
  class space    used 1067K, capacity 1140K, committed 1152K, reserved 1048576K
}
Event: 0.481 GC heap after
{Heap after GC invocations=1 (full 0):
 garbage-first heap   total 126976K, used 9178K [0x00000000a0000000, 0x0000000100000000)
  region size 1024K, 3 young (3072K), 3 survivors (3072K)
 Metaspace       used 10161K, capacity 10365K, committed 10624K, reserved 1058816K
  class space    used 1067K, capacity 1140K, committed 1152K, reserved 1048576K
}
Event: 2.177 GC heap before
{Heap before GC invocations=1 (full 0):
 garbage-first heap   total 126976K, used 81882K [0x00000000a0000000, 0x0000000100000000)
  region size 1024K, 74 young (75776K), 3 survivors (3072K)
 Metaspace       used 17507K, capacity 17881K, committed 18176K, reserved 1064960K
  class space    used 2069K, capacity 2179K, committed 2304K, reserved 1048576K
}
Event: 2.183 GC heap after
{Heap after GC invocations=2 (full 0):
 garbage-first heap   total 126976K, used 15931K [0x00000000a0000000, 0x0000000100000000)
  region size 1024K, 10 young (10240K), 10 survivors (10240K)
 Metaspace       used 17507K, capacity 17881K, committed 18176K, reserved 1064960K
  class space    used 2069K, capacity 2179K, committed 2304K, reserved 1048576K
}
Event: 2.435 GC heap before
{Heap before GC invocations=2 (full 0):
 garbage-first heap   total 126976K, used 40507K [0x00000000a0000000, 0x0000000100000000)
  region size 1024K, 35 young (35840K), 10 survivors (10240K)
 Metaspace       used 20622K, capacity 21068K, committed 21248K, reserved 1067008K
  class space    used 2517K, capacity 2692K, committed 2816K, reserved 1048576K
}
Event: 2.442 GC heap after
{Heap after GC invocations=3 (full 0):
 garbage-first heap   total 126976K, used 17335K [0x00000000a0000000, 0x0000000100000000)
  region size 1024K, 2 young (2048K), 2 survivors (2048K)
 Metaspace       used 20622K, capacity 21068K, committed 21248K, reserved 1067008K
  class space    used 2517K, capacity 2692K, committed 2816K, reserved 1048576K
}
Event: 3.055 GC heap before
{Heap before GC invocations=4 (full 0):
 garbage-first heap   total 126976K, used 72631K [0x00000000a0000000, 0x0000000100000000)
  region size 1024K, 56 young (57344K), 2 survivors (2048K)
 Metaspace       used 26502K, capacity 27116K, committed 27264K, reserved 1073152K
  class space    used 3445K, capacity 3672K, committed 3712K, reserved 1048576K
}
Event: 3.058 GC heap after
{Heap after GC invocations=5 (full 0):
 garbage-first heap   total 126976K, used 19072K [0x00000000a0000000, 0x0000000100000000)
  region size 1024K, 3 young (3072K), 3 survivors (3072K)
 Metaspace       used 26502K, capacity 27116K, committed 27264K, reserved 1073152K
  class space    used 3445K, capacity 3672K, committed 3712K, reserved 1048576K
}
Event: 3.944 GC heap before
{Heap before GC invocations=5 (full 0):
 garbage-first heap   total 126976K, used 78464K [0x00000000a0000000, 0x0000000100000000)
  region size 1024K, 62 young (63488K), 3 survivors (3072K)
 Metaspace       used 35043K, capacity 35773K, committed 35840K, reserved 1081344K
  class space    used 4538K, capacity 4837K, committed 4864K, reserved 1048576K
}
Event: 3.951 GC heap after
{Heap after GC invocations=6 (full 0):
 garbage-first heap   total 126976K, used 22586K [0x00000000a0000000, 0x0000000100000000)
  region size 1024K, 7 young (7168K), 7 survivors (7168K)
 Metaspace       used 35043K, capacity 35773K, committed 35840K, reserved 1081344K
  class space    used 4538K, capacity 4837K, committed 4864K, reserved 1048576K
}
Event: 4.820 GC heap before
{Heap before GC invocations=7 (full 0):
 garbage-first heap   total 126976K, used 87098K [0x00000000a0000000, 0x0000000100000000)
  region size 1024K, 68 young (69632K), 7 survivors (7168K)
 Metaspace       used 39967K, capacity 40974K, committed 41164K, reserved 1085440K
  class space    used 5101K, capacity 5475K, committed 5580K, reserved 1048576K
}
Event: 4.830 GC heap after
{Heap after GC invocations=8 (full 0):
 garbage-first heap   total 126976K, used 27653K [0x00000000a0000000, 0x0000000100000000)
  region size 1024K, 9 young (9216K), 9 survivors (9216K)
 Metaspace       used 39967K, capacity 40974K, committed 41164K, reserved 1085440K
  class space    used 5101K, capacity 5475K, committed 5580K, reserved 1048576K
}

Deoptimization events (20 events):
Event: 5.466 Thread 0x000001abe2513800 DEOPT PACKING pc=0x000001abd2172a90 sp=0x0000001c954f87c0
Event: 5.466 Thread 0x000001abe2513800 DEOPT UNPACKING pc=0x000001abca5c83af sp=0x0000001c954f86f8 mode 2
Event: 5.466 Thread 0x000001abe2513800 Uncommon trap: trap_request=0xffffff4d fr.pc=0x000001abd216df84 relative=0x00000000000001c4
Event: 5.466 Thread 0x000001abe2513800 Uncommon trap: reason=unstable_if action=reinterpret pc=0x000001abd216df84 method=java.util.HashMap.getNode(ILjava/lang/Object;)Ljava/util/HashMap$Node; @ 53 c2
Event: 5.466 Thread 0x000001abe2513800 DEOPT PACKING pc=0x000001abd216df84 sp=0x0000001c954f8740
Event: 5.466 Thread 0x000001abe2513800 DEOPT UNPACKING pc=0x000001abca5c83af sp=0x0000001c954f86c8 mode 2
Event: 5.466 Thread 0x000001abe2513800 Uncommon trap: trap_request=0xffffff4d fr.pc=0x000001abd21f7990 relative=0x0000000000000710
Event: 5.466 Thread 0x000001abe2513800 Uncommon trap: reason=unstable_if action=reinterpret pc=0x000001abd21f7990 method=java.util.HashMap.putVal(ILjava/lang/Object;Ljava/lang/Object;ZZ)Ljava/lang/Object; @ 85 c2
Event: 5.466 Thread 0x000001abe2513800 DEOPT PACKING pc=0x000001abd21f7990 sp=0x0000001c954f8780
Event: 5.466 Thread 0x000001abe2513800 DEOPT UNPACKING pc=0x000001abca5c83af sp=0x0000001c954f86b0 mode 2
Event: 5.474 Thread 0x000001abe2513800 Uncommon trap: trap_request=0xffffff4d fr.pc=0x000001abd220e0f8 relative=0x0000000000000318
Event: 5.474 Thread 0x000001abe2513800 Uncommon trap: reason=unstable_if action=reinterpret pc=0x000001abd220e0f8 method=org.gradle.internal.reflect.PropertyAccessorType.isGetGetterName(Ljava/lang/String;)Z @ 14 c2
Event: 5.474 Thread 0x000001abe2513800 DEOPT PACKING pc=0x000001abd220e0f8 sp=0x0000001c954f91d0
Event: 5.474 Thread 0x000001abe2513800 DEOPT UNPACKING pc=0x000001abca5c83af sp=0x0000001c954f9128 mode 2
Event: 5.496 Thread 0x000001abe2513800 DEOPT PACKING pc=0x000001abcb1cfbf4 sp=0x0000001c954f8a30
Event: 5.496 Thread 0x000001abe2513800 DEOPT UNPACKING pc=0x000001abca5e7c0e sp=0x0000001c954f7fd0 mode 0
Event: 5.504 Thread 0x000001abe2513800 Uncommon trap: trap_request=0xffffff4d fr.pc=0x000001abd21c4808 relative=0x00000000000000e8
Event: 5.504 Thread 0x000001abe2513800 Uncommon trap: reason=unstable_if action=reinterpret pc=0x000001abd21c4808 method=org.objectweb.asm.ByteVector.putShort(I)Lorg/objectweb/asm/ByteVector; @ 13 c2
Event: 5.504 Thread 0x000001abe2513800 DEOPT PACKING pc=0x000001abd21c4808 sp=0x0000001c954f8c30
Event: 5.504 Thread 0x000001abe2513800 DEOPT UNPACKING pc=0x000001abca5c83af sp=0x0000001c954f8bc8 mode 2

Classes redefined (0 events):
No events

Internal exceptions (20 events):
Event: 4.690 Thread 0x000001abe2513800 Exception <a 'java/lang/ClassNotFoundException'{0x00000000a4ba12b0}: groovy/lang/GString$1Customizer> (0x00000000a4ba12b0) thrown at [./src/hotspot/share/classfile/systemDictionary.cpp, line 231]
Event: 4.704 Thread 0x000001abe2513800 Exception <a 'java/lang/ClassNotFoundException'{0x00000000a4755438}: org/codehaus/groovy/runtime/GStringImplBeanInfo> (0x00000000a4755438) thrown at [./src/hotspot/share/classfile/systemDictionary.cpp, line 231]
Event: 4.710 Thread 0x000001abe2513800 Exception <a 'java/lang/ClassNotFoundException'{0x00000000a4405cc0}: org/codehaus/groovy/runtime/GStringImplCustomizer> (0x00000000a4405cc0) thrown at [./src/hotspot/share/classfile/systemDictionary.cpp, line 231]
Event: 4.717 Thread 0x000001abe2513800 Exception <a 'java/lang/ClassNotFoundException'{0x00000000a4479410}: org/gradle/api/internal/plugins/DefaultObjectConfigurationActionBeanInfo> (0x00000000a4479410) thrown at [./src/hotspot/share/classfile/systemDictionary.cpp, line 231]
Event: 4.718 Thread 0x000001abe2513800 Exception <a 'java/lang/ClassNotFoundException'{0x00000000a44a2d98}: org/gradle/api/internal/plugins/DefaultObjectConfigurationActionCustomizer> (0x00000000a44a2d98) thrown at [./src/hotspot/share/classfile/systemDictionary.cpp, line 231]
Event: 4.797 Thread 0x000001abe2513800 Exception <a 'java/lang/ClassNotFoundException'{0x00000000a3f2bd28}: app_plugin_loader_el0buc69hq8s8a2oh7fi6ziraBeanInfo> (0x00000000a3f2bd28) thrown at [./src/hotspot/share/classfile/systemDictionary.cpp, line 231]
Event: 4.797 Thread 0x000001abe2513800 Exception <a 'java/lang/ClassNotFoundException'{0x00000000a3f31fe0}: app_plugin_loader_el0buc69hq8s8a2oh7fi6ziraCustomizer> (0x00000000a3f31fe0) thrown at [./src/hotspot/share/classfile/systemDictionary.cpp, line 231]
Event: 4.804 Thread 0x000001abe2513800 Exception <a 'java/lang/ClassNotFoundException'{0x00000000a3f9ad18}: groovy/json/JsonSlurperBeanInfo> (0x00000000a3f9ad18) thrown at [./src/hotspot/share/classfile/systemDictionary.cpp, line 231]
Event: 4.804 Thread 0x000001abe2513800 Exception <a 'java/lang/ClassNotFoundException'{0x00000000a3fbdd28}: groovy/json/JsonSlurperCustomizer> (0x00000000a3fbdd28) thrown at [./src/hotspot/share/classfile/systemDictionary.cpp, line 231]
Event: 4.847 Thread 0x000001abe2513800 Exception <a 'java/lang/ClassNotFoundException'{0x00000000a7bf9f70}: org/apache/groovy/json/internal/LazyMapBeanInfo> (0x00000000a7bf9f70) thrown at [./src/hotspot/share/classfile/systemDictionary.cpp, line 231]
Event: 4.847 Thread 0x000001abe2513800 Exception <a 'java/lang/ClassNotFoundException'{0x00000000a7bfeeb8}: java/util/AbstractMapBeanInfo> (0x00000000a7bfeeb8) thrown at [./src/hotspot/share/classfile/systemDictionary.cpp, line 231]
Event: 4.847 Thread 0x000001abe2513800 Exception <a 'java/lang/ClassNotFoundException'{0x00000000a7a04388}: java/util/AbstractMapCustomizer> (0x00000000a7a04388) thrown at [./src/hotspot/share/classfile/systemDictionary.cpp, line 231]
Event: 4.848 Thread 0x000001abe2513800 Exception <a 'java/lang/ClassNotFoundException'{0x00000000a7a20710}: org/apache/groovy/json/internal/LazyMapCustomizer> (0x00000000a7a20710) thrown at [./src/hotspot/share/classfile/systemDictionary.cpp, line 231]
Event: 4.869 Thread 0x000001abe2513800 Exception <a 'java/lang/ClassNotFoundException'{0x00000000a79d68b8}: java/util/ArrayListBeanInfo> (0x00000000a79d68b8) thrown at [./src/hotspot/share/classfile/systemDictionary.cpp, line 231]
Event: 4.869 Thread 0x000001abe2513800 Exception <a 'java/lang/ClassNotFoundException'{0x00000000a79db810}: java/util/AbstractListBeanInfo> (0x00000000a79db810) thrown at [./src/hotspot/share/classfile/systemDictionary.cpp, line 231]
Event: 4.869 Thread 0x000001abe2513800 Exception <a 'java/lang/ClassNotFoundException'{0x00000000a79e0ac8}: java/util/AbstractCollectionBeanInfo> (0x00000000a79e0ac8) thrown at [./src/hotspot/share/classfile/systemDictionary.cpp, line 231]
Event: 4.869 Thread 0x000001abe2513800 Exception <a 'java/lang/ClassNotFoundException'{0x00000000a79e5a38}: java/util/AbstractCollectionCustomizer> (0x00000000a79e5a38) thrown at [./src/hotspot/share/classfile/systemDictionary.cpp, line 231]
Event: 4.870 Thread 0x000001abe2513800 Exception <a 'java/lang/ClassNotFoundException'{0x00000000a79f36d8}: java/util/AbstractListCustomizer> (0x00000000a79f36d8) thrown at [./src/hotspot/share/classfile/systemDictionary.cpp, line 231]
Event: 4.870 Thread 0x000001abe2513800 Exception <a 'java/lang/ClassNotFoundException'{0x00000000a7803bf0}: java/util/ArrayListCustomizer> (0x00000000a7803bf0) thrown at [./src/hotspot/share/classfile/systemDictionary.cpp, line 231]
Event: 5.466 Thread 0x000001abe2513800 Implicit null exception at 0x000001abd2172874 to 0x000001abd2172a84

Events (20 events):
Event: 5.629 loading class org/gradle/nativeplatform/internal/CompilerOutputFileNamingScheme done
Event: 5.629 loading class org/gradle/internal/service/scopes/ProjectBackedPropertyHost
Event: 5.629 loading class org/gradle/internal/service/scopes/ProjectBackedPropertyHost done
Event: 5.630 loading class org/gradle/internal/service/scopes/ProjectScopeServices$ProjectBackedModuleMetaDataProvider
Event: 5.630 loading class org/gradle/internal/service/scopes/ProjectScopeServices$ProjectBackedModuleMetaDataProvider done
Event: 5.630 loading class org/gradle/internal/service/scopes/ProjectScopeServices$ScriptScopedContext
Event: 5.630 loading class org/gradle/internal/service/scopes/ProjectScopeServices$ScriptScopedContext done
Event: 5.632 loading class org/gradle/api/internal/project/ProjectInternal
Event: 5.632 loading class org/gradle/api/internal/project/ProjectInternal done
Event: 5.632 loading class org/gradle/configuration/ScriptPlugin
Event: 5.632 loading class org/gradle/configuration/ScriptPlugin done
Event: 5.633 loading class org/gradle/configuration/ProjectScriptTarget
Event: 5.633 loading class org/gradle/configuration/ProjectScriptTarget done
Event: 5.634 loading class org/gradle/api/artifacts/VersionCatalogsExtension
Event: 5.634 loading class org/gradle/api/artifacts/VersionCatalogsExtension done
Event: 5.635 loading class org/gradle/api/internal/project/ProjectScript
Event: 5.635 loading class org/gradle/api/internal/project/ProjectScript done
Event: 5.661 Thread 0x000001abe3f03800 Thread added: 0x000001abe3f03800
Event: 5.665 loading class org/gradle/api/internal/project/ProjectScript
Event: 5.665 loading class org/gradle/api/internal/project/ProjectScript done


Dynamic libraries:
0x00007ff712630000 - 0x00007ff71263a000 	C:\Program Files\Android\Android Studio\jre\bin\java.exe
0x00007ffc05a20000 - 0x00007ffc05c29000 	C:\WINDOWS\SYSTEM32\ntdll.dll
0x00007ffc044a0000 - 0x00007ffc0455d000 	C:\WINDOWS\System32\KERNEL32.DLL
0x00007ffc03290000 - 0x00007ffc03604000 	C:\WINDOWS\System32\KERNELBASE.dll
0x00007ffc02f10000 - 0x00007ffc03021000 	C:\WINDOWS\System32\ucrtbase.dll
0x00007ffbf7b60000 - 0x00007ffbf7b77000 	C:\Program Files\Android\Android Studio\jre\bin\VCRUNTIME140.dll
0x00007ffbfa740000 - 0x00007ffbfa759000 	C:\Program Files\Android\Android Studio\jre\bin\jli.dll
0x00007ffc03ff0000 - 0x00007ffc0419c000 	C:\WINDOWS\System32\USER32.dll
0x00007ffc031f0000 - 0x00007ffc03216000 	C:\WINDOWS\System32\win32u.dll
0x00007ffc04360000 - 0x00007ffc04389000 	C:\WINDOWS\System32\GDI32.dll
0x00007ffc030d0000 - 0x00007ffc031e2000 	C:\WINDOWS\System32\gdi32full.dll
0x00007ffc03030000 - 0x00007ffc030cd000 	C:\WINDOWS\System32\msvcp_win.dll
0x00007ffbdc320000 - 0x00007ffbdc5c5000 	C:\WINDOWS\WinSxS\amd64_microsoft.windows.common-controls_6595b64144ccf1df_6.0.22000.120_none_9d947278b86cc467\COMCTL32.dll
0x00007ffc04d40000 - 0x00007ffc04de3000 	C:\WINDOWS\System32\msvcrt.dll
0x00007ffc04300000 - 0x00007ffc04331000 	C:\WINDOWS\System32\IMM32.DLL
0x00007ffbebc90000 - 0x00007ffbebd2d000 	C:\Program Files\Android\Android Studio\jre\bin\msvcp140.dll
0x00007ffbab570000 - 0x00007ffbac045000 	C:\Program Files\Android\Android Studio\jre\bin\server\jvm.dll
0x00007ffc04390000 - 0x00007ffc0443e000 	C:\WINDOWS\System32\ADVAPI32.dll
0x00007ffc05440000 - 0x00007ffc054de000 	C:\WINDOWS\System32\sechost.dll
0x00007ffc05200000 - 0x00007ffc05320000 	C:\WINDOWS\System32\RPCRT4.dll
0x00007ffc05930000 - 0x00007ffc05938000 	C:\WINDOWS\System32\PSAPI.DLL
0x00007ffbf2150000 - 0x00007ffbf2159000 	C:\WINDOWS\SYSTEM32\WSOCK32.dll
0x00007ffbfa620000 - 0x00007ffbfa653000 	C:\WINDOWS\SYSTEM32\WINMM.dll
0x00007ffbfa5c0000 - 0x00007ffbfa5ca000 	C:\WINDOWS\SYSTEM32\VERSION.dll
0x00007ffc04290000 - 0x00007ffc042ff000 	C:\WINDOWS\System32\WS2_32.dll
0x00007ffc02100000 - 0x00007ffc02118000 	C:\WINDOWS\SYSTEM32\kernel.appcore.dll
0x00007ffbf9640000 - 0x00007ffbf9651000 	C:\Program Files\Android\Android Studio\jre\bin\verify.dll
0x00007ffc00870000 - 0x00007ffc00a91000 	C:\WINDOWS\SYSTEM32\DBGHELP.DLL
0x00007ffbf97b0000 - 0x00007ffbf97e1000 	C:\WINDOWS\SYSTEM32\dbgcore.DLL
0x00007ffc03780000 - 0x00007ffc037ff000 	C:\WINDOWS\System32\bcryptPrimitives.dll
0x00007ffbf6740000 - 0x00007ffbf6769000 	C:\Program Files\Android\Android Studio\jre\bin\java.dll
0x00007ffbfa2d0000 - 0x00007ffbfa2db000 	C:\Program Files\Android\Android Studio\jre\bin\jimage.dll
0x00007ffbf78a0000 - 0x00007ffbf78b8000 	C:\Program Files\Android\Android Studio\jre\bin\zip.dll
0x00007ffc04590000 - 0x00007ffc04d3e000 	C:\WINDOWS\System32\SHELL32.dll
0x00007ffc01080000 - 0x00007ffc018e8000 	C:\WINDOWS\SYSTEM32\windows.storage.dll
0x00007ffc04df0000 - 0x00007ffc05168000 	C:\WINDOWS\System32\combase.dll
0x00007ffc00f10000 - 0x00007ffc01076000 	C:\WINDOWS\SYSTEM32\wintypes.dll
0x00007ffc05840000 - 0x00007ffc0592a000 	C:\WINDOWS\System32\SHCORE.dll
0x00007ffc04440000 - 0x00007ffc0449d000 	C:\WINDOWS\System32\shlwapi.dll
0x00007ffc02e40000 - 0x00007ffc02e61000 	C:\WINDOWS\SYSTEM32\profapi.dll
0x00007ffbf6fd0000 - 0x00007ffbf6fea000 	C:\Program Files\Android\Android Studio\jre\bin\net.dll
0x00007ffbfb480000 - 0x00007ffbfb58c000 	C:\WINDOWS\SYSTEM32\WINHTTP.dll
0x00007ffc02530000 - 0x00007ffc02597000 	C:\WINDOWS\system32\mswsock.dll
0x00007ffbf67d0000 - 0x00007ffbf67e4000 	C:\Program Files\Android\Android Studio\jre\bin\nio.dll
0x00007ffbebe40000 - 0x00007ffbebe67000 	C:\Users\om\.gradle\native\e1d6ef7f7dcc3fd88c89a11ec53ec762bb8ba0a96d01ffa2cd45eb1d1d8dd5c5\windows-amd64\native-platform.dll
0x00007ffbe9350000 - 0x00007ffbe9494000 	C:\Users\om\.gradle\native\0d407fdbe67a94daf76414ababcb853783967236a71b16ec16e742cd7a986fd3\windows-amd64\native-platform-file-events.dll
0x00007ffbfa270000 - 0x00007ffbfa27a000 	C:\Program Files\Android\Android Studio\jre\bin\management.dll
0x00007ffbf9620000 - 0x00007ffbf962d000 	C:\Program Files\Android\Android Studio\jre\bin\management_ext.dll
0x00007ffc02770000 - 0x00007ffc02788000 	C:\WINDOWS\SYSTEM32\CRYPTSP.dll
0x00007ffc02060000 - 0x00007ffc02095000 	C:\WINDOWS\system32\rsaenh.dll
0x00007ffc02620000 - 0x00007ffc02649000 	C:\WINDOWS\SYSTEM32\USERENV.dll
0x00007ffc028f0000 - 0x00007ffc02917000 	C:\WINDOWS\SYSTEM32\bcrypt.dll
0x00007ffc02790000 - 0x00007ffc0279c000 	C:\WINDOWS\SYSTEM32\CRYPTBASE.dll
0x00007ffc01bb0000 - 0x00007ffc01bdd000 	C:\WINDOWS\SYSTEM32\IPHLPAPI.DLL
0x00007ffc04340000 - 0x00007ffc04349000 	C:\WINDOWS\System32\NSI.dll
0x00007ffbfa600000 - 0x00007ffbfa619000 	C:\WINDOWS\SYSTEM32\dhcpcsvc6.DLL
0x00007ffbfa940000 - 0x00007ffbfa95e000 	C:\WINDOWS\SYSTEM32\dhcpcsvc.DLL
0x00007ffc01c20000 - 0x00007ffc01d07000 	C:\WINDOWS\SYSTEM32\DNSAPI.dll

dbghelp: loaded successfully - version: 4.0.5 - missing functions: none
symbol engine: initialized successfully - sym options: 0x614 - pdb path: .;C:\Program Files\Android\Android Studio\jre\bin;C:\WINDOWS\SYSTEM32;C:\WINDOWS\WinSxS\amd64_microsoft.windows.common-controls_6595b64144ccf1df_6.0.22000.120_none_9d947278b86cc467;C:\Program Files\Android\Android Studio\jre\bin\server;C:\Users\om\.gradle\native\e1d6ef7f7dcc3fd88c89a11ec53ec762bb8ba0a96d01ffa2cd45eb1d1d8dd5c5\windows-amd64;C:\Users\om\.gradle\native\0d407fdbe67a94daf76414ababcb853783967236a71b16ec16e742cd7a986fd3\windows-amd64

VM Arguments:
jvm_args: --add-opens=java.base/java.util=ALL-UNNAMED --add-opens=java.base/java.lang=ALL-UNNAMED --add-opens=java.base/java.lang.invoke=ALL-UNNAMED --add-opens=java.base/java.util=ALL-UNNAMED --add-opens=java.prefs/java.util.prefs=ALL-UNNAMED --add-opens=java.prefs/java.util.prefs=ALL-UNNAMED --add-opens=java.base/java.nio.charset=ALL-UNNAMED --add-opens=java.base/java.net=ALL-UNNAMED --add-opens=java.base/java.util.concurrent.atomic=ALL-UNNAMED -Xmx1536M -Dfile.encoding=windows-1252 -Duser.country=IN -Duser.language=en -Duser.variant 
java_command: org.gradle.launcher.daemon.bootstrap.GradleDaemon 7.4
java_class_path (initial): C:\Users\om\.gradle\wrapper\dists\gradle-7.4-bin\c0gwcg53nkjbqw7r0h0umtfvt\gradle-7.4\lib\gradle-launcher-7.4.jar
Launcher Type: SUN_STANDARD

[Global flags]
     intx CICompilerCount                          = 4                                         {product} {ergonomic}
     uint ConcGCThreads                            = 2                                         {product} {ergonomic}
     uint G1ConcRefinementThreads                  = 8                                         {product} {ergonomic}
   size_t G1HeapRegionSize                         = 1048576                                   {product} {ergonomic}
    uintx GCDrainStackTargetSize                   = 64                                        {product} {ergonomic}
   size_t InitialHeapSize                          = 130023424                                 {product} {ergonomic}
   size_t MarkStackSize                            = 4194304                                   {product} {ergonomic}
   size_t MaxHeapSize                              = 1610612736                                {product} {command line}
   size_t MaxNewSize                               = 965738496                                 {product} {ergonomic}
   size_t MinHeapDeltaBytes                        = 1048576                                   {product} {ergonomic}
    uintx NonNMethodCodeHeapSize                   = 5836300                                {pd product} {ergonomic}
    uintx NonProfiledCodeHeapSize                  = 122910970                              {pd product} {ergonomic}
    uintx ProfiledCodeHeapSize                     = 122910970                              {pd product} {ergonomic}
    uintx ReservedCodeCacheSize                    = 251658240                              {pd product} {ergonomic}
     bool SegmentedCodeCache                       = true                                      {product} {ergonomic}
     bool UseCompressedClassPointers               = true                                 {lp64_product} {ergonomic}
     bool UseCompressedOops                        = true                                 {lp64_product} {ergonomic}
     bool UseG1GC                                  = true                                      {product} {ergonomic}
     bool UseLargePagesIndividualAllocation        = false                                  {pd product} {ergonomic}

Logging:
Log output configuration:
 #0: stdout all=warning uptime,level,tags
 #1: stderr all=off uptime,level,tags

Environment Variables:
JAVA_HOME=C:\Program Files\Android\Android Studio\jre
CLASSPATH=D:\OmLogistics\employee_attendance\android\\gradle\wrapper\gradle-wrapper.jar
PATH=C:\Users\om\Downloads\gradle-7.4-bin\gradle-7.4\bin;C:\Python310\;C:\ProgramData\Oracle\Java\javapath;C:\WINDOWS\system32;C:\WINDOWS;C:\WINDOWS\System32\Wbem;C:\WINDOWS\System32\WindowsPowerShell\v1.0\;C:\WINDOWS\System32\OpenSSH\;C:\ProgramData\chocolatey\bin;C:\Users\om\AppData\Local\Android\Sdk\platform-tools;C:\Program Files\Git\cmd;C:\Program Files\nodejs\;C:\Users\om\AppData\Local\Programs\Microsoft VS Code\bin;C:\Users\om\AppData\Local\Microsoft\WindowsApps;D:\software\flutter_windows_2.10.0-stable;C:\Users\om\AppData\Roaming\npm;D:\software\flutter_windows_2.10.0-stable\flutter\bin\mingit\cmd
USERNAME=om
OS=Windows_NT
PROCESSOR_IDENTIFIER=Intel64 Family 6 Model 140 Stepping 1, GenuineIntel



---------------  S Y S T E M  ---------------

OS: Windows 10 , 64 bit Build 22000 (10.0.22000.434)
OS uptime: 11 days 0:58 hours

CPU:total 8 (initial active 8) (4 cores per cpu, 2 threads per core) family 6 model 140 stepping 1 microcode 0x86, cmov, cx8, fxsr, mmx, sse, sse2, sse3, ssse3, sse4.1, sse4.2, popcnt, avx, avx2, aes, clmul, erms, 3dnowpref, lzcnt, ht, tsc, tscinvbit, bmi1, bmi2, adx, evex, sha, fma

Memory: 4k page, system-wide physical 7930M (462M free)
TotalPageFile size 32506M (AvailPageFile size 0M)
current process WorkingSet (physical memory assigned to process): 268M, peak: 271M
current process commit charge ("private bytes"): 323M, peak: 328M

vm_info: OpenJDK 64-Bit Server VM (11.0.11+9-b60-7590822) for windows-amd64 JRE (11.0.11+9-b60-7590822), built on Jul 29 2021 21:43:44 by "builder" with MS VC++ 14.0 (VS2015)

END.
