#
# There is insufficient memory for the Java Runtime Environment to continue.
# Native memory allocation (malloc) failed to allocate 2229296 bytes for Chunk::new
# Possible reasons:
#   The system is out of physical RAM or swap space
#   The process is running with CompressedOops enabled, and the Java Heap may be blocking the growth of the native heap
# Possible solutions:
#   Reduce memory load on the system
#   Increase physical memory or swap space
#   Check if swap backing store is full
#   Decrease Java heap size (-Xmx/-Xms)
#   Decrease number of Java threads
#   Decrease Java thread stack sizes (-Xss)
#   Set larger code cache with -XX:ReservedCodeCacheSize=
#   JVM is running with Unscaled Compressed Oops mode in which the Java heap is
#     placed in the first 4GB address space. The Java Heap base address is the
#     maximum limit for the native heap growth. Please use -XX:HeapBaseMinAddress
#     to set the Java Heap base and to place the Java Heap above 4GB virtual address.
# This output file may be truncated or incomplete.
#
#  Out of Memory Error (./src/hotspot/share/memory/arena.cpp:197), pid=20196, tid=25776
#
# JRE version: OpenJDK Runtime Environment (11.0.11+9) (build 11.0.11+9-b60-7590822)
# Java VM: OpenJDK 64-Bit Server VM (11.0.11+9-b60-7590822, mixed mode, tiered, compressed oops, g1 gc, windows-amd64)
# No core dump will be written. Minidumps are not enabled by default on client versions of Windows
#

---------------  S U M M A R Y ------------

Command Line: --add-opens=java.base/java.util=ALL-UNNAMED --add-opens=java.base/java.lang=ALL-UNNAMED --add-opens=java.base/java.lang.invoke=ALL-UNNAMED --add-opens=java.base/java.util=ALL-UNNAMED --add-opens=java.prefs/java.util.prefs=ALL-UNNAMED --add-opens=java.prefs/java.util.prefs=ALL-UNNAMED --add-opens=java.base/java.nio.charset=ALL-UNNAMED --add-opens=java.base/java.net=ALL-UNNAMED --add-opens=java.base/java.util.concurrent.atomic=ALL-UNNAMED -Xmx1536M -Dfile.encoding=windows-1252 -Duser.country=IN -Duser.language=en -Duser.variant org.gradle.launcher.daemon.bootstrap.GradleDaemon 7.4

Host: 11th Gen Intel(R) Core(TM) i5-1135G7 @ 2.40GHz, 8 cores, 7G,  Windows 10 , 64 bit Build 22000 (10.0.22000.434)
Time: Tue Mar 22 10:48:06 2022 India Standard Time elapsed time: 4.945934 seconds (0d 0h 0m 4s)

---------------  T H R E A D  ---------------

Current thread (0x000002a07362e800):  JavaThread "C2 CompilerThread0" daemon [_thread_in_native, id=25776, stack(0x000000db60200000,0x000000db60300000)]


Current CompileTask:
C2:   4946 3453       4       org.codehaus.groovy.runtime.metaclass.MetaMethodIndex::addMethodToList (131 bytes)

Stack: [0x000000db60200000,0x000000db60300000]
Native frames: (J=compiled Java code, j=interpreted, Vv=VM code, C=native code)
V  [jvm.dll+0x5f214a]
V  [jvm.dll+0x726fb5]
V  [jvm.dll+0x7285cd]
V  [jvm.dll+0x728c83]
V  [jvm.dll+0x243278]
V  [jvm.dll+0xbc53c]
V  [jvm.dll+0xbca3c]
V  [jvm.dll+0x353e3b]
V  [jvm.dll+0x321893]
V  [jvm.dll+0x320d8a]
V  [jvm.dll+0x1fc1e2]
V  [jvm.dll+0x1fb3d4]
V  [jvm.dll+0x183d6c]
V  [jvm.dll+0x209a57]
V  [jvm.dll+0x2082a1]
V  [jvm.dll+0x6ef58f]
V  [jvm.dll+0x6e80b5]
V  [jvm.dll+0x5f1036]
C  [ucrtbase.dll+0x26c0c]
C  [KERNEL32.DLL+0x154e0]
C  [ntdll.dll+0x485b]


---------------  P R O C E S S  ---------------

Threads class SMR info:
_java_thread_list=0x000002a0773277b0, length=36, elements={
0x000002a059b00800, 0x000002a072ca7000, 0x000002a072cb0000, 0x000002a073623800,
0x000002a073624800, 0x000002a073629800, 0x000002a07362e800, 0x000002a07362f800,
0x000002a073632800, 0x000002a073783800, 0x000002a074d55800, 0x000002a0744b3800,
0x000002a074f01000, 0x000002a075825800, 0x000002a074f5c000, 0x000002a0756a9800,
0x000002a07558f800, 0x000002a0744ef800, 0x000002a0740da000, 0x000002a0757fd800,
0x000002a0757fc800, 0x000002a0757fa800, 0x000002a0757fb000, 0x000002a0757ff000,
0x000002a0757fc000, 0x000002a075800000, 0x000002a0757fe800, 0x000002a075801000,
0x000002a07767e000, 0x000002a07767c800, 0x000002a07767a800, 0x000002a07767d000,
0x000002a07767b800, 0x000002a07767f000, 0x000002a077679000, 0x000002a077685800
}

Java Threads: ( => current thread )
  0x000002a059b00800 JavaThread "main" [_thread_blocked, id=24732, stack(0x000000db5f600000,0x000000db5f700000)]
  0x000002a072ca7000 JavaThread "Reference Handler" daemon [_thread_blocked, id=19884, stack(0x000000db5fd00000,0x000000db5fe00000)]
  0x000002a072cb0000 JavaThread "Finalizer" daemon [_thread_blocked, id=25416, stack(0x000000db5fe00000,0x000000db5ff00000)]
  0x000002a073623800 JavaThread "Signal Dispatcher" daemon [_thread_blocked, id=16720, stack(0x000000db5ff00000,0x000000db60000000)]
  0x000002a073624800 JavaThread "Attach Listener" daemon [_thread_blocked, id=25780, stack(0x000000db60000000,0x000000db60100000)]
  0x000002a073629800 JavaThread "Service Thread" daemon [_thread_blocked, id=21076, stack(0x000000db60100000,0x000000db60200000)]
=>0x000002a07362e800 JavaThread "C2 CompilerThread0" daemon [_thread_in_native, id=25776, stack(0x000000db60200000,0x000000db60300000)]
  0x000002a07362f800 JavaThread "C1 CompilerThread0" daemon [_thread_blocked, id=21584, stack(0x000000db60300000,0x000000db60400000)]
  0x000002a073632800 JavaThread "Sweeper thread" daemon [_thread_blocked, id=22076, stack(0x000000db60400000,0x000000db60500000)]
  0x000002a073783800 JavaThread "Common-Cleaner" daemon [_thread_blocked, id=8436, stack(0x000000db60500000,0x000000db60600000)]
  0x000002a074d55800 JavaThread "Daemon health stats" [_thread_blocked, id=24480, stack(0x000000db60800000,0x000000db60900000)]
  0x000002a0744b3800 JavaThread "Incoming local TCP Connector on port 62212" [_thread_in_native, id=22600, stack(0x000000db60900000,0x000000db60a00000)]
  0x000002a074f01000 JavaThread "Daemon periodic checks" [_thread_blocked, id=26612, stack(0x000000db60a00000,0x000000db60b00000)]
  0x000002a075825800 JavaThread "Daemon" [_thread_blocked, id=26552, stack(0x000000db60b00000,0x000000db60c00000)]
  0x000002a074f5c000 JavaThread "Handler for socket connection from /127.0.0.1:62212 to /127.0.0.1:62213" [_thread_in_native, id=26580, stack(0x000000db60c00000,0x000000db60d00000)]
  0x000002a0756a9800 JavaThread "Cancel handler" [_thread_blocked, id=26584, stack(0x000000db60d00000,0x000000db60e00000)]
  0x000002a07558f800 JavaThread "Daemon worker" [_thread_in_native, id=26560, stack(0x000000db60e00000,0x000000db60f00000)]
  0x000002a0744ef800 JavaThread "Asynchronous log dispatcher for DefaultDaemonConnection: socket connection from /127.0.0.1:62212 to /127.0.0.1:62213" [_thread_blocked, id=26568, stack(0x000000db60f00000,0x000000db61000000)]
  0x000002a0740da000 JavaThread "Stdin handler" [_thread_blocked, id=21688, stack(0x000000db61000000,0x000000db61100000)]
  0x000002a0757fd800 JavaThread "Daemon client event forwarder" [_thread_blocked, id=10144, stack(0x000000db61100000,0x000000db61200000)]
  0x000002a0757fc800 JavaThread "Cache worker for journal cache (C:\Users\om\.gradle\caches\journal-1)" [_thread_blocked, id=26576, stack(0x000000db61900000,0x000000db61a00000)]
  0x000002a0757fa800 JavaThread "File lock request listener" [_thread_in_native, id=26604, stack(0x000000db61a00000,0x000000db61b00000)]
  0x000002a0757fb000 JavaThread "Cache worker for file hash cache (C:\Users\om\.gradle\caches\7.4\fileHashes)" [_thread_blocked, id=25704, stack(0x000000db61b00000,0x000000db61c00000)]
  0x000002a0757ff000 JavaThread "File watcher server" daemon [_thread_in_native, id=25004, stack(0x000000db61d00000,0x000000db61e00000)]
  0x000002a0757fc000 JavaThread "File watcher consumer" daemon [_thread_blocked, id=24596, stack(0x000000db61e00000,0x000000db61f00000)]
  0x000002a075800000 JavaThread "Cache worker for checksums cache (D:\OmLogistics\employee_attendance\android\.gradle\7.4\checksums)" [_thread_blocked, id=25956, stack(0x000000db61f00000,0x000000db62000000)]
  0x000002a0757fe800 JavaThread "Cache worker for cache directory md-rule (C:\Users\om\.gradle\caches\7.4\md-rule)" [_thread_blocked, id=25768, stack(0x000000db62000000,0x000000db62100000)]
  0x000002a075801000 JavaThread "Cache worker for file hash cache (D:\OmLogistics\employee_attendance\android\.gradle\7.4\fileHashes)" [_thread_blocked, id=25748, stack(0x000000db62100000,0x000000db62200000)]
  0x000002a07767e000 JavaThread "Cache worker for cache directory md-supplier (C:\Users\om\.gradle\caches\7.4\md-supplier)" [_thread_blocked, id=26044, stack(0x000000db62200000,0x000000db62300000)]
  0x000002a07767c800 JavaThread "Cache worker for execution history cache (C:\Users\om\.gradle\caches\7.4\executionHistory)" [_thread_blocked, id=14780, stack(0x000000db62300000,0x000000db62400000)]
  0x000002a07767a800 JavaThread "jar transforms" [_thread_blocked, id=25980, stack(0x000000db62400000,0x000000db62500000)]
  0x000002a07767d000 JavaThread "jar transforms Thread 2" [_thread_blocked, id=21620, stack(0x000000db62500000,0x000000db62600000)]
  0x000002a07767b800 JavaThread "Cache worker for file content cache (C:\Users\om\.gradle\caches\7.4\fileContent)" [_thread_blocked, id=26144, stack(0x000000db62600000,0x000000db62700000)]
  0x000002a07767f000 JavaThread "jar transforms Thread 3" [_thread_blocked, id=21168, stack(0x000000db62700000,0x000000db62800000)]
  0x000002a077679000 JavaThread "jar transforms Thread 4" [_thread_blocked, id=26132, stack(0x000000db62800000,0x000000db62900000)]
  0x000002a077685800 JavaThread "Cache worker for dependencies-accessors (D:\OmLogistics\employee_attendance\android\.gradle\7.4\dependencies-accessors)" [_thread_blocked, id=912, stack(0x000000db62900000,0x000000db62a00000)]

Other Threads:
  0x000002a072c80000 VMThread "VM Thread" [stack: 0x000000db5fc00000,0x000000db5fd00000] [id=24716]
  0x000002a0737f7800 WatcherThread [stack: 0x000000db60600000,0x000000db60700000] [id=14488]
  0x000002a059b1c000 GCTaskThread "GC Thread#0" [stack: 0x000000db5f700000,0x000000db5f800000] [id=20968]
  0x000002a0743f1000 GCTaskThread "GC Thread#1" [stack: 0x000000db60700000,0x000000db60800000] [id=23444]
  0x000002a074919000 GCTaskThread "GC Thread#2" [stack: 0x000000db61200000,0x000000db61300000] [id=21608]
  0x000002a0756af800 GCTaskThread "GC Thread#3" [stack: 0x000000db61300000,0x000000db61400000] [id=26564]
  0x000002a074d4c800 GCTaskThread "GC Thread#4" [stack: 0x000000db61400000,0x000000db61500000] [id=25968]
  0x000002a0758d6000 GCTaskThread "GC Thread#5" [stack: 0x000000db61500000,0x000000db61600000] [id=25700]
  0x000002a0756a4800 GCTaskThread "GC Thread#6" [stack: 0x000000db61600000,0x000000db61700000] [id=25860]
  0x000002a07545d800 GCTaskThread "GC Thread#7" [stack: 0x000000db61700000,0x000000db61800000] [id=26596]
  0x000002a059b44800 ConcurrentGCThread "G1 Main Marker" [stack: 0x000000db5f800000,0x000000db5f900000] [id=9564]
  0x000002a059b48000 ConcurrentGCThread "G1 Conc#0" [stack: 0x000000db5f900000,0x000000db5fa00000] [id=14204]
  0x000002a075adf000 ConcurrentGCThread "G1 Conc#1" [stack: 0x000000db61c00000,0x000000db61d00000] [id=26588]
  0x000002a059bd3800 ConcurrentGCThread "G1 Refine#0" [stack: 0x000000db5fa00000,0x000000db5fb00000] [id=18068]
  0x000002a074364000 ConcurrentGCThread "G1 Refine#1" [stack: 0x000000db61800000,0x000000db61900000] [id=26548]
  0x000002a059bd4800 ConcurrentGCThread "G1 Young RemSet Sampling" [stack: 0x000000db5fb00000,0x000000db5fc00000] [id=644]

Threads with active compile tasks:
C2 CompilerThread0   5093 3453       4       org.codehaus.groovy.runtime.metaclass.MetaMethodIndex::addMethodToList (131 bytes)

VM state:not at safepoint (normal execution)

VM Mutex/Monitor currently owned by a thread: None

Heap address: 0x00000000a0000000, size: 1536 MB, Compressed Oops mode: 32-bit
Narrow klass base: 0x0000000000000000, Narrow klass shift: 3
Compressed class space size: 1073741824 Address: 0x0000000100000000

Heap:
 garbage-first heap   total 126976K, used 33990K [0x00000000a0000000, 0x0000000100000000)
  region size 1024K, 16 young (16384K), 9 survivors (9216K)
 Metaspace       used 41079K, capacity 42049K, committed 42188K, reserved 1085440K
  class space    used 5256K, capacity 5618K, committed 5632K, reserved 1048576K
Heap Regions: E=young(eden), S=young(survivor), O=old, HS=humongous(starts), HC=humongous(continues), CS=collection set, F=free, A=archive, TAMS=top-at-mark-start (previous, next)
|   0|0x00000000a0000000, 0x00000000a0100000, 0x00000000a0100000|100%| O|  |TAMS 0x00000000a0100000, 0x00000000a0000000| Untracked 
|   1|0x00000000a0100000, 0x00000000a0200000, 0x00000000a0200000|100%| O|  |TAMS 0x00000000a0200000, 0x00000000a0100000| Untracked 
|   2|0x00000000a0200000, 0x00000000a0300000, 0x00000000a0300000|100%| O|  |TAMS 0x00000000a0300000, 0x00000000a0200000| Untracked 
|   3|0x00000000a0300000, 0x00000000a0400000, 0x00000000a0400000|100%|HS|  |TAMS 0x00000000a0400000, 0x00000000a0300000| Complete 
|   4|0x00000000a0400000, 0x00000000a0500000, 0x00000000a0500000|100%|HC|  |TAMS 0x00000000a0500000, 0x00000000a0400000| Complete 
|   5|0x00000000a0500000, 0x00000000a0600000, 0x00000000a0600000|100%|HC|  |TAMS 0x00000000a0600000, 0x00000000a0500000| Complete 
|   6|0x00000000a0600000, 0x00000000a0700000, 0x00000000a0700000|100%| O|  |TAMS 0x00000000a0700000, 0x00000000a0600000| Untracked 
|   7|0x00000000a0700000, 0x00000000a0800000, 0x00000000a0800000|100%| O|  |TAMS 0x00000000a0800000, 0x00000000a0700000| Untracked 
|   8|0x00000000a0800000, 0x00000000a0900000, 0x00000000a0900000|100%| O|  |TAMS 0x00000000a0900000, 0x00000000a0800000| Untracked 
|   9|0x00000000a0900000, 0x00000000a0a00000, 0x00000000a0a00000|100%| O|  |TAMS 0x00000000a0a00000, 0x00000000a0900000| Untracked 
|  10|0x00000000a0a00000, 0x00000000a0b00000, 0x00000000a0b00000|100%| O|  |TAMS 0x00000000a0b00000, 0x00000000a0a00000| Untracked 
|  11|0x00000000a0b00000, 0x00000000a0c00000, 0x00000000a0c00000|100%| O|  |TAMS 0x00000000a0c00000, 0x00000000a0b00000| Untracked 
|  12|0x00000000a0c00000, 0x00000000a0d00000, 0x00000000a0d00000|100%| O|  |TAMS 0x00000000a0d00000, 0x00000000a0c00000| Untracked 
|  13|0x00000000a0d00000, 0x00000000a0e00000, 0x00000000a0e00000|100%| O|  |TAMS 0x00000000a0e00000, 0x00000000a0d00000| Untracked 
|  14|0x00000000a0e00000, 0x00000000a0f00000, 0x00000000a0f00000|100%| O|  |TAMS 0x00000000a0f00000, 0x00000000a0e00000| Untracked 
|  15|0x00000000a0f00000, 0x00000000a1000000, 0x00000000a1000000|100%| O|  |TAMS 0x00000000a0fa0800, 0x00000000a0f00000| Untracked 
|  16|0x00000000a1000000, 0x00000000a1000000, 0x00000000a1100000|  0%| F|  |TAMS 0x00000000a1000000, 0x00000000a1000000| Untracked 
|  17|0x00000000a1100000, 0x00000000a1100000, 0x00000000a1200000|  0%| F|  |TAMS 0x00000000a1100000, 0x00000000a1100000| Untracked 
|  18|0x00000000a1200000, 0x00000000a1200000, 0x00000000a1300000|  0%| F|  |TAMS 0x00000000a1200000, 0x00000000a1200000| Untracked 
|  19|0x00000000a1300000, 0x00000000a1400000, 0x00000000a1400000|100%| O|  |TAMS 0x00000000a1300000, 0x00000000a1300000| Untracked 
|  20|0x00000000a1400000, 0x00000000a1500000, 0x00000000a1500000|100%| O|  |TAMS 0x00000000a1400000, 0x00000000a1400000| Untracked 
|  21|0x00000000a1500000, 0x00000000a159ac00, 0x00000000a1600000| 60%| O|  |TAMS 0x00000000a1500000, 0x00000000a1500000| Untracked 
|  22|0x00000000a1600000, 0x00000000a1600000, 0x00000000a1700000|  0%| F|  |TAMS 0x00000000a1600000, 0x00000000a1600000| Untracked 
|  23|0x00000000a1700000, 0x00000000a1700000, 0x00000000a1800000|  0%| F|  |TAMS 0x00000000a1700000, 0x00000000a1700000| Untracked 
|  24|0x00000000a1800000, 0x00000000a1800000, 0x00000000a1900000|  0%| F|  |TAMS 0x00000000a1800000, 0x00000000a1800000| Untracked 
|  25|0x00000000a1900000, 0x00000000a1900000, 0x00000000a1a00000|  0%| F|  |TAMS 0x00000000a1900000, 0x00000000a1900000| Untracked 
|  26|0x00000000a1a00000, 0x00000000a1a00000, 0x00000000a1b00000|  0%| F|  |TAMS 0x00000000a1a00000, 0x00000000a1a00000| Untracked 
|  27|0x00000000a1b00000, 0x00000000a1b00000, 0x00000000a1c00000|  0%| F|  |TAMS 0x00000000a1b00000, 0x00000000a1b00000| Untracked 
|  28|0x00000000a1c00000, 0x00000000a1c00000, 0x00000000a1d00000|  0%| F|  |TAMS 0x00000000a1c00000, 0x00000000a1c00000| Untracked 
|  29|0x00000000a1d00000, 0x00000000a1d00000, 0x00000000a1e00000|  0%| F|  |TAMS 0x00000000a1d00000, 0x00000000a1d00000| Untracked 
|  30|0x00000000a1e00000, 0x00000000a1e00000, 0x00000000a1f00000|  0%| F|  |TAMS 0x00000000a1e00000, 0x00000000a1e00000| Untracked 
|  31|0x00000000a1f00000, 0x00000000a1f00000, 0x00000000a2000000|  0%| F|  |TAMS 0x00000000a1f00000, 0x00000000a1f00000| Untracked 
|  32|0x00000000a2000000, 0x00000000a2000000, 0x00000000a2100000|  0%| F|  |TAMS 0x00000000a2000000, 0x00000000a2000000| Untracked 
|  33|0x00000000a2100000, 0x00000000a2100000, 0x00000000a2200000|  0%| F|  |TAMS 0x00000000a2100000, 0x00000000a2100000| Untracked 
|  34|0x00000000a2200000, 0x00000000a2200000, 0x00000000a2300000|  0%| F|  |TAMS 0x00000000a2200000, 0x00000000a2200000| Untracked 
|  35|0x00000000a2300000, 0x00000000a2300000, 0x00000000a2400000|  0%| F|  |TAMS 0x00000000a2300000, 0x00000000a2300000| Untracked 
|  36|0x00000000a2400000, 0x00000000a2400000, 0x00000000a2500000|  0%| F|  |TAMS 0x00000000a2400000, 0x00000000a2400000| Untracked 
|  37|0x00000000a2500000, 0x00000000a2500000, 0x00000000a2600000|  0%| F|  |TAMS 0x00000000a2500000, 0x00000000a2500000| Untracked 
|  38|0x00000000a2600000, 0x00000000a2600000, 0x00000000a2700000|  0%| F|  |TAMS 0x00000000a2600000, 0x00000000a2600000| Untracked 
|  39|0x00000000a2700000, 0x00000000a2700000, 0x00000000a2800000|  0%| F|  |TAMS 0x00000000a2700000, 0x00000000a2700000| Untracked 
|  40|0x00000000a2800000, 0x00000000a2800000, 0x00000000a2900000|  0%| F|  |TAMS 0x00000000a2800000, 0x00000000a2800000| Untracked 
|  41|0x00000000a2900000, 0x00000000a2996d18, 0x00000000a2a00000| 58%| S|CS|TAMS 0x00000000a2900000, 0x00000000a2900000| Complete 
|  42|0x00000000a2a00000, 0x00000000a2b00000, 0x00000000a2b00000|100%| S|CS|TAMS 0x00000000a2a00000, 0x00000000a2a00000| Complete 
|  43|0x00000000a2b00000, 0x00000000a2c00000, 0x00000000a2c00000|100%| S|CS|TAMS 0x00000000a2b00000, 0x00000000a2b00000| Complete 
|  44|0x00000000a2c00000, 0x00000000a2d00000, 0x00000000a2d00000|100%| S|CS|TAMS 0x00000000a2c00000, 0x00000000a2c00000| Complete 
|  45|0x00000000a2d00000, 0x00000000a2e00000, 0x00000000a2e00000|100%| S|CS|TAMS 0x00000000a2d00000, 0x00000000a2d00000| Complete 
|  46|0x00000000a2e00000, 0x00000000a2f00000, 0x00000000a2f00000|100%| S|CS|TAMS 0x00000000a2e00000, 0x00000000a2e00000| Complete 
|  47|0x00000000a2f00000, 0x00000000a3000000, 0x00000000a3000000|100%| S|CS|TAMS 0x00000000a2f00000, 0x00000000a2f00000| Complete 
|  48|0x00000000a3000000, 0x00000000a3100000, 0x00000000a3100000|100%| S|CS|TAMS 0x00000000a3000000, 0x00000000a3000000| Complete 
|  49|0x00000000a3100000, 0x00000000a3200000, 0x00000000a3200000|100%| S|CS|TAMS 0x00000000a3100000, 0x00000000a3100000| Complete 
|  50|0x00000000a3200000, 0x00000000a3200000, 0x00000000a3300000|  0%| F|  |TAMS 0x00000000a3200000, 0x00000000a3200000| Untracked 
|  51|0x00000000a3300000, 0x00000000a3300000, 0x00000000a3400000|  0%| F|  |TAMS 0x00000000a3300000, 0x00000000a3300000| Untracked 
|  52|0x00000000a3400000, 0x00000000a3400000, 0x00000000a3500000|  0%| F|  |TAMS 0x00000000a3400000, 0x00000000a3400000| Untracked 
|  53|0x00000000a3500000, 0x00000000a3500000, 0x00000000a3600000|  0%| F|  |TAMS 0x00000000a3500000, 0x00000000a3500000| Untracked 
|  54|0x00000000a3600000, 0x00000000a3600000, 0x00000000a3700000|  0%| F|  |TAMS 0x00000000a3600000, 0x00000000a3600000| Untracked 
|  55|0x00000000a3700000, 0x00000000a3700000, 0x00000000a3800000|  0%| F|  |TAMS 0x00000000a3700000, 0x00000000a3700000| Untracked 
|  56|0x00000000a3800000, 0x00000000a3800000, 0x00000000a3900000|  0%| F|  |TAMS 0x00000000a3800000, 0x00000000a3800000| Untracked 
|  57|0x00000000a3900000, 0x00000000a3900000, 0x00000000a3a00000|  0%| F|  |TAMS 0x00000000a3900000, 0x00000000a3900000| Untracked 
|  58|0x00000000a3a00000, 0x00000000a3a00000, 0x00000000a3b00000|  0%| F|  |TAMS 0x00000000a3a00000, 0x00000000a3a00000| Untracked 
|  59|0x00000000a3b00000, 0x00000000a3b00000, 0x00000000a3c00000|  0%| F|  |TAMS 0x00000000a3b00000, 0x00000000a3b00000| Untracked 
|  60|0x00000000a3c00000, 0x00000000a3c00000, 0x00000000a3d00000|  0%| F|  |TAMS 0x00000000a3c00000, 0x00000000a3c00000| Untracked 
|  61|0x00000000a3d00000, 0x00000000a3d00000, 0x00000000a3e00000|  0%| F|  |TAMS 0x00000000a3d00000, 0x00000000a3d00000| Untracked 
|  62|0x00000000a3e00000, 0x00000000a3e00000, 0x00000000a3f00000|  0%| F|  |TAMS 0x00000000a3e00000, 0x00000000a3e00000| Untracked 
|  63|0x00000000a3f00000, 0x00000000a3f00000, 0x00000000a4000000|  0%| F|  |TAMS 0x00000000a3f00000, 0x00000000a3f00000| Untracked 
|  64|0x00000000a4000000, 0x00000000a4000000, 0x00000000a4100000|  0%| F|  |TAMS 0x00000000a4000000, 0x00000000a4000000| Untracked 
|  65|0x00000000a4100000, 0x00000000a4100000, 0x00000000a4200000|  0%| F|  |TAMS 0x00000000a4100000, 0x00000000a4100000| Untracked 
|  66|0x00000000a4200000, 0x00000000a4200000, 0x00000000a4300000|  0%| F|  |TAMS 0x00000000a4200000, 0x00000000a4200000| Untracked 
|  67|0x00000000a4300000, 0x00000000a4300000, 0x00000000a4400000|  0%| F|  |TAMS 0x00000000a4300000, 0x00000000a4300000| Untracked 
|  68|0x00000000a4400000, 0x00000000a4400000, 0x00000000a4500000|  0%| F|  |TAMS 0x00000000a4400000, 0x00000000a4400000| Untracked 
|  69|0x00000000a4500000, 0x00000000a4500000, 0x00000000a4600000|  0%| F|  |TAMS 0x00000000a4500000, 0x00000000a4500000| Untracked 
|  70|0x00000000a4600000, 0x00000000a4600000, 0x00000000a4700000|  0%| F|  |TAMS 0x00000000a4600000, 0x00000000a4600000| Untracked 
|  71|0x00000000a4700000, 0x00000000a4700000, 0x00000000a4800000|  0%| F|  |TAMS 0x00000000a4700000, 0x00000000a4700000| Untracked 
|  72|0x00000000a4800000, 0x00000000a4800000, 0x00000000a4900000|  0%| F|  |TAMS 0x00000000a4800000, 0x00000000a4800000| Untracked 
|  73|0x00000000a4900000, 0x00000000a4900000, 0x00000000a4a00000|  0%| F|  |TAMS 0x00000000a4900000, 0x00000000a4900000| Untracked 
|  74|0x00000000a4a00000, 0x00000000a4a00000, 0x00000000a4b00000|  0%| F|  |TAMS 0x00000000a4a00000, 0x00000000a4a00000| Untracked 
|  75|0x00000000a4b00000, 0x00000000a4b00000, 0x00000000a4c00000|  0%| F|  |TAMS 0x00000000a4b00000, 0x00000000a4b00000| Untracked 
|  76|0x00000000a4c00000, 0x00000000a4c00000, 0x00000000a4d00000|  0%| F|  |TAMS 0x00000000a4c00000, 0x00000000a4c00000| Untracked 
|  77|0x00000000a4d00000, 0x00000000a4d00000, 0x00000000a4e00000|  0%| F|  |TAMS 0x00000000a4d00000, 0x00000000a4d00000| Untracked 
|  78|0x00000000a4e00000, 0x00000000a4e00000, 0x00000000a4f00000|  0%| F|  |TAMS 0x00000000a4e00000, 0x00000000a4e00000| Untracked 
|  79|0x00000000a4f00000, 0x00000000a4f00000, 0x00000000a5000000|  0%| F|  |TAMS 0x00000000a4f00000, 0x00000000a4f00000| Untracked 
|  80|0x00000000a5000000, 0x00000000a5000000, 0x00000000a5100000|  0%| F|  |TAMS 0x00000000a5000000, 0x00000000a5000000| Untracked 
|  81|0x00000000a5100000, 0x00000000a5100000, 0x00000000a5200000|  0%| F|  |TAMS 0x00000000a5100000, 0x00000000a5100000| Untracked 
|  82|0x00000000a5200000, 0x00000000a5200000, 0x00000000a5300000|  0%| F|  |TAMS 0x00000000a5200000, 0x00000000a5200000| Untracked 
|  83|0x00000000a5300000, 0x00000000a5300000, 0x00000000a5400000|  0%| F|  |TAMS 0x00000000a5300000, 0x00000000a5300000| Untracked 
|  84|0x00000000a5400000, 0x00000000a5400000, 0x00000000a5500000|  0%| F|  |TAMS 0x00000000a5400000, 0x00000000a5400000| Untracked 
|  85|0x00000000a5500000, 0x00000000a5500000, 0x00000000a5600000|  0%| F|  |TAMS 0x00000000a5500000, 0x00000000a5500000| Untracked 
|  86|0x00000000a5600000, 0x00000000a5600000, 0x00000000a5700000|  0%| F|  |TAMS 0x00000000a5600000, 0x00000000a5600000| Untracked 
|  87|0x00000000a5700000, 0x00000000a5700000, 0x00000000a5800000|  0%| F|  |TAMS 0x00000000a5700000, 0x00000000a5700000| Untracked 
|  88|0x00000000a5800000, 0x00000000a5800000, 0x00000000a5900000|  0%| F|  |TAMS 0x00000000a5800000, 0x00000000a5800000| Untracked 
|  89|0x00000000a5900000, 0x00000000a5900000, 0x00000000a5a00000|  0%| F|  |TAMS 0x00000000a5900000, 0x00000000a5900000| Untracked 
|  90|0x00000000a5a00000, 0x00000000a5a00000, 0x00000000a5b00000|  0%| F|  |TAMS 0x00000000a5a00000, 0x00000000a5a00000| Untracked 
|  91|0x00000000a5b00000, 0x00000000a5b00000, 0x00000000a5c00000|  0%| F|  |TAMS 0x00000000a5b00000, 0x00000000a5b00000| Untracked 
|  92|0x00000000a5c00000, 0x00000000a5c00000, 0x00000000a5d00000|  0%| F|  |TAMS 0x00000000a5c00000, 0x00000000a5c00000| Untracked 
|  93|0x00000000a5d00000, 0x00000000a5d00000, 0x00000000a5e00000|  0%| F|  |TAMS 0x00000000a5d00000, 0x00000000a5d00000| Untracked 
|  94|0x00000000a5e00000, 0x00000000a5e00000, 0x00000000a5f00000|  0%| F|  |TAMS 0x00000000a5e00000, 0x00000000a5e00000| Untracked 
|  95|0x00000000a5f00000, 0x00000000a5f00000, 0x00000000a6000000|  0%| F|  |TAMS 0x00000000a5f00000, 0x00000000a5f00000| Untracked 
|  96|0x00000000a6000000, 0x00000000a6000000, 0x00000000a6100000|  0%| F|  |TAMS 0x00000000a6000000, 0x00000000a6000000| Untracked 
|  97|0x00000000a6100000, 0x00000000a6100000, 0x00000000a6200000|  0%| F|  |TAMS 0x00000000a6100000, 0x00000000a6100000| Untracked 
|  98|0x00000000a6200000, 0x00000000a6200000, 0x00000000a6300000|  0%| F|  |TAMS 0x00000000a6200000, 0x00000000a6200000| Untracked 
|  99|0x00000000a6300000, 0x00000000a6300000, 0x00000000a6400000|  0%| F|  |TAMS 0x00000000a6300000, 0x00000000a6300000| Untracked 
| 100|0x00000000a6400000, 0x00000000a6400000, 0x00000000a6500000|  0%| F|  |TAMS 0x00000000a6400000, 0x00000000a6400000| Untracked 
| 101|0x00000000a6500000, 0x00000000a6500000, 0x00000000a6600000|  0%| F|  |TAMS 0x00000000a6500000, 0x00000000a6500000| Untracked 
| 102|0x00000000a6600000, 0x00000000a6600000, 0x00000000a6700000|  0%| F|  |TAMS 0x00000000a6600000, 0x00000000a6600000| Untracked 
| 103|0x00000000a6700000, 0x00000000a6700000, 0x00000000a6800000|  0%| F|  |TAMS 0x00000000a6700000, 0x00000000a6700000| Untracked 
| 104|0x00000000a6800000, 0x00000000a6800000, 0x00000000a6900000|  0%| F|  |TAMS 0x00000000a6800000, 0x00000000a6800000| Untracked 
| 105|0x00000000a6900000, 0x00000000a6900000, 0x00000000a6a00000|  0%| F|  |TAMS 0x00000000a6900000, 0x00000000a6900000| Untracked 
| 106|0x00000000a6a00000, 0x00000000a6a00000, 0x00000000a6b00000|  0%| F|  |TAMS 0x00000000a6a00000, 0x00000000a6a00000| Untracked 
| 107|0x00000000a6b00000, 0x00000000a6b00000, 0x00000000a6c00000|  0%| F|  |TAMS 0x00000000a6b00000, 0x00000000a6b00000| Untracked 
| 108|0x00000000a6c00000, 0x00000000a6c00000, 0x00000000a6d00000|  0%| F|  |TAMS 0x00000000a6c00000, 0x00000000a6c00000| Untracked 
| 109|0x00000000a6d00000, 0x00000000a6d00000, 0x00000000a6e00000|  0%| F|  |TAMS 0x00000000a6d00000, 0x00000000a6d00000| Untracked 
| 110|0x00000000a6e00000, 0x00000000a6e00000, 0x00000000a6f00000|  0%| F|  |TAMS 0x00000000a6e00000, 0x00000000a6e00000| Untracked 
| 111|0x00000000a6f00000, 0x00000000a6f00000, 0x00000000a7000000|  0%| F|  |TAMS 0x00000000a6f00000, 0x00000000a6f00000| Untracked 
| 112|0x00000000a7000000, 0x00000000a7000000, 0x00000000a7100000|  0%| F|  |TAMS 0x00000000a7000000, 0x00000000a7000000| Untracked 
| 113|0x00000000a7100000, 0x00000000a7100000, 0x00000000a7200000|  0%| F|  |TAMS 0x00000000a7100000, 0x00000000a7100000| Untracked 
| 114|0x00000000a7200000, 0x00000000a7200000, 0x00000000a7300000|  0%| F|  |TAMS 0x00000000a7200000, 0x00000000a7200000| Untracked 
| 115|0x00000000a7300000, 0x00000000a7300000, 0x00000000a7400000|  0%| F|  |TAMS 0x00000000a7300000, 0x00000000a7300000| Untracked 
| 116|0x00000000a7400000, 0x00000000a7400000, 0x00000000a7500000|  0%| F|  |TAMS 0x00000000a7400000, 0x00000000a7400000| Untracked 
| 117|0x00000000a7500000, 0x00000000a7580800, 0x00000000a7600000| 50%| E|  |TAMS 0x00000000a7500000, 0x00000000a7500000| Complete 
| 118|0x00000000a7600000, 0x00000000a7700000, 0x00000000a7700000|100%| E|CS|TAMS 0x00000000a7600000, 0x00000000a7600000| Complete 
| 119|0x00000000a7700000, 0x00000000a7800000, 0x00000000a7800000|100%| E|CS|TAMS 0x00000000a7700000, 0x00000000a7700000| Complete 
| 120|0x00000000a7800000, 0x00000000a7900000, 0x00000000a7900000|100%| E|CS|TAMS 0x00000000a7800000, 0x00000000a7800000| Complete 
| 121|0x00000000a7900000, 0x00000000a7a00000, 0x00000000a7a00000|100%| E|CS|TAMS 0x00000000a7900000, 0x00000000a7900000| Complete 
| 122|0x00000000a7a00000, 0x00000000a7b00000, 0x00000000a7b00000|100%| E|CS|TAMS 0x00000000a7a00000, 0x00000000a7a00000| Complete 
| 123|0x00000000a7b00000, 0x00000000a7c00000, 0x00000000a7c00000|100%| E|CS|TAMS 0x00000000a7b00000, 0x00000000a7b00000| Complete 

Card table byte_map: [0x000002a06cc40000,0x000002a06cf40000] _byte_map_base: 0x000002a06c740000

Marking Bits (Prev, Next): (CMBitMap*) 0x000002a059b3db88, (CMBitMap*) 0x000002a059b3dbc0
 Prev Bits: [0x000002a06d240000, 0x000002a06ea40000)
 Next Bits: [0x000002a06ea40000, 0x000002a070240000)

Polling page: 0x000002a057aa0000

Metaspace:

Usage:
  Non-class:     35.58 MB capacity,    34.98 MB ( 98%) used,   511.34 KB (  1%) free+waste,    96.31 KB ( <1%) overhead. 
      Class:      5.49 MB capacity,     5.13 MB ( 94%) used,   315.43 KB (  6%) free+waste,    46.13 KB ( <1%) overhead. 
       Both:     41.06 MB capacity,    40.12 MB ( 98%) used,   826.77 KB (  2%) free+waste,   142.44 KB ( <1%) overhead. 

Virtual space:
  Non-class space:       36.00 MB reserved,      35.70 MB (>99%) committed 
      Class space:        1.00 GB reserved,       5.50 MB ( <1%) committed 
             Both:        1.04 GB reserved,      41.20 MB (  4%) committed 

Chunk freelists:
   Non-Class:  0 bytes
       Class:  14.00 KB
        Both:  14.00 KB

MaxMetaspaceSize: 17179869184.00 GB
CompressedClassSpaceSize: 1.00 GB

CodeHeap 'non-profiled nmethods': size=120000Kb used=1515Kb max_used=1515Kb free=118484Kb
 bounds [0x000002a0650d0000, 0x000002a065340000, 0x000002a06c600000]
CodeHeap 'profiled nmethods': size=120000Kb used=7474Kb max_used=7474Kb free=112525Kb
 bounds [0x000002a05dba0000, 0x000002a05e2f0000, 0x000002a0650d0000]
CodeHeap 'non-nmethods': size=5760Kb used=2214Kb max_used=2249Kb free=3545Kb
 bounds [0x000002a05d600000, 0x000002a05d870000, 0x000002a05dba0000]
 total_blobs=4274 nmethods=3508 adapters=677
 compilation: enabled
              stopped_count=0, restarted_count=0
 full_count=0

Compilation events (20 events):
Event: 4.773 Thread 0x000002a07362f800 3495       3       org.objectweb.asm.MethodWriter::visitJumpInsn (495 bytes)
Event: 4.774 Thread 0x000002a07362f800 nmethod 3495 0x000002a05e2bd490 code [0x000002a05e2bd840, 0x000002a05e2bf078]
Event: 4.774 Thread 0x000002a07362f800 3496       3       org.objectweb.asm.Label::put (83 bytes)
Event: 4.774 Thread 0x000002a07362f800 nmethod 3496 0x000002a05e2bf890 code [0x000002a05e2bfac0, 0x000002a05e2bfe98]
Event: 4.774 Thread 0x000002a07362f800 3498       3       org.gradle.internal.instantiation.generator.AbstractClassGenerator::access$2200 (5 bytes)
Event: 4.774 Thread 0x000002a07362f800 nmethod 3498 0x000002a05e2c0090 code [0x000002a05e2c0240, 0x000002a05e2c0348]
Event: 4.774 Thread 0x000002a07362f800 3499       3       org.gradle.internal.instantiation.generator.AbstractClassGenerator::isNameProperty (44 bytes)
Event: 4.775 Thread 0x000002a07362f800 nmethod 3499 0x000002a05e2c0410 code [0x000002a05e2c0680, 0x000002a05e2c1158]
Event: 4.775 Thread 0x000002a07362f800 3497       3       org.objectweb.asm.Label::addForwardReference (102 bytes)
Event: 4.775 Thread 0x000002a07362f800 nmethod 3497 0x000002a05e2c1490 code [0x000002a05e2c1680, 0x000002a05e2c1b68]
Event: 4.775 Thread 0x000002a07362f800 3500       1       java.lang.reflect.Constructor::getSignature (5 bytes)
Event: 4.775 Thread 0x000002a07362f800 nmethod 3500 0x000002a06524a510 code [0x000002a06524a6c0, 0x000002a06524a778]
Event: 4.778 Thread 0x000002a07362f800 3501       3       org.gradle.internal.logging.slf4j.OutputEventListenerBackedLogger::isDebugEnabled (5 bytes)
Event: 4.778 Thread 0x000002a07362f800 nmethod 3501 0x000002a05e2c1d90 code [0x000002a05e2c1f80, 0x000002a05e2c2368]
Event: 4.779 Thread 0x000002a07362f800 3502       3       org.gradle.internal.logging.slf4j.BuildOperationAwareLogger::isDebugEnabled (8 bytes)
Event: 4.779 Thread 0x000002a07362f800 nmethod 3502 0x000002a05e2c2510 code [0x000002a05e2c26c0, 0x000002a05e2c2888]
Event: 4.794 Thread 0x000002a07362f800 3503       3       org.gradle.internal.dispatch.ReflectionDispatch::dispatch (9 bytes)
Event: 4.795 Thread 0x000002a07362f800 nmethod 3503 0x000002a05e2c2910 code [0x000002a05e2c2ae0, 0x000002a05e2c2d08]
Event: 4.795 Thread 0x000002a07362f800 3504   !   3       org.gradle.internal.dispatch.ReflectionDispatch::dispatch (42 bytes)
Event: 4.796 Thread 0x000002a07362f800 nmethod 3504 0x000002a05e2c2e10 code [0x000002a05e2c30e0, 0x000002a05e2c3d18]

GC Heap History (10 events):
Event: 0.495 GC heap before
{Heap before GC invocations=0 (full 0):
 garbage-first heap   total 126976K, used 29696K [0x00000000a0000000, 0x0000000100000000)
  region size 1024K, 24 young (24576K), 0 survivors (0K)
 Metaspace       used 10152K, capacity 10365K, committed 10624K, reserved 1058816K
  class space    used 1066K, capacity 1140K, committed 1152K, reserved 1048576K
}
Event: 0.502 GC heap after
{Heap after GC invocations=1 (full 0):
 garbage-first heap   total 126976K, used 9677K [0x00000000a0000000, 0x0000000100000000)
  region size 1024K, 3 young (3072K), 3 survivors (3072K)
 Metaspace       used 10152K, capacity 10365K, committed 10624K, reserved 1058816K
  class space    used 1066K, capacity 1140K, committed 1152K, reserved 1048576K
}
Event: 2.185 GC heap before
{Heap before GC invocations=1 (full 0):
 garbage-first heap   total 126976K, used 82381K [0x00000000a0000000, 0x0000000100000000)
  region size 1024K, 74 young (75776K), 3 survivors (3072K)
 Metaspace       used 17511K, capacity 17881K, committed 18176K, reserved 1064960K
  class space    used 2067K, capacity 2179K, committed 2304K, reserved 1048576K
}
Event: 2.193 GC heap after
{Heap after GC invocations=2 (full 0):
 garbage-first heap   total 126976K, used 16131K [0x00000000a0000000, 0x0000000100000000)
  region size 1024K, 10 young (10240K), 10 survivors (10240K)
 Metaspace       used 17511K, capacity 17881K, committed 18176K, reserved 1064960K
  class space    used 2067K, capacity 2179K, committed 2304K, reserved 1048576K
}
Event: 2.447 GC heap before
{Heap before GC invocations=2 (full 0):
 garbage-first heap   total 126976K, used 41731K [0x00000000a0000000, 0x0000000100000000)
  region size 1024K, 36 young (36864K), 10 survivors (10240K)
 Metaspace       used 20610K, capacity 21068K, committed 21248K, reserved 1067008K
  class space    used 2516K, capacity 2692K, committed 2816K, reserved 1048576K
}
Event: 2.454 GC heap after
{Heap after GC invocations=3 (full 0):
 garbage-first heap   total 126976K, used 17299K [0x00000000a0000000, 0x0000000100000000)
  region size 1024K, 2 young (2048K), 2 survivors (2048K)
 Metaspace       used 20610K, capacity 21068K, committed 21248K, reserved 1067008K
  class space    used 2516K, capacity 2692K, committed 2816K, reserved 1048576K
}
Event: 3.082 GC heap before
{Heap before GC invocations=4 (full 0):
 garbage-first heap   total 126976K, used 79763K [0x00000000a0000000, 0x0000000100000000)
  region size 1024K, 63 young (64512K), 2 survivors (2048K)
 Metaspace       used 26830K, capacity 27410K, committed 27520K, reserved 1073152K
  class space    used 3503K, capacity 3706K, committed 3712K, reserved 1048576K
}
Event: 3.088 GC heap after
{Heap after GC invocations=5 (full 0):
 garbage-first heap   total 126976K, used 19193K [0x00000000a0000000, 0x0000000100000000)
  region size 1024K, 4 young (4096K), 4 survivors (4096K)
 Metaspace       used 26830K, capacity 27410K, committed 27520K, reserved 1073152K
  class space    used 3503K, capacity 3706K, committed 3712K, reserved 1048576K
}
Event: 3.733 GC heap before
{Heap before GC invocations=5 (full 0):
 garbage-first heap   total 126976K, used 72441K [0x00000000a0000000, 0x0000000100000000)
  region size 1024K, 57 young (58368K), 4 survivors (4096K)
 Metaspace       used 35028K, capacity 35777K, committed 35840K, reserved 1081344K
  class space    used 4541K, capacity 4838K, committed 4864K, reserved 1048576K
}
Event: 3.740 GC heap after
{Heap after GC invocations=6 (full 0):
 garbage-first heap   total 126976K, used 22613K [0x00000000a0000000, 0x0000000100000000)
  region size 1024K, 7 young (7168K), 7 survivors (7168K)
 Metaspace       used 35028K, capacity 35777K, committed 35840K, reserved 1081344K
  class space    used 4541K, capacity 4838K, committed 4864K, reserved 1048576K
}

Deoptimization events (20 events):
Event: 4.655 Thread 0x000002a07558f800 DEOPT PACKING pc=0x000002a05e1d1b2f sp=0x000000db60ef6cc0
Event: 4.655 Thread 0x000002a07558f800 DEOPT UNPACKING pc=0x000002a05d627c0e sp=0x000000db60ef6148 mode 0
Event: 4.697 Thread 0x000002a07558f800 Uncommon trap: trap_request=0xffffffbe fr.pc=0x000002a06522463c relative=0x000000000000095c
Event: 4.697 Thread 0x000002a07558f800 Uncommon trap: reason=profile_predicate action=maybe_recompile pc=0x000002a06522463c method=jdk.internal.jimage.ImageStringsReader.charsFromByteBuffer([CLjava/nio/ByteBuffer;)V @ 6 c2
Event: 4.697 Thread 0x000002a07558f800 DEOPT PACKING pc=0x000002a06522463c sp=0x000000db60ef64a0
Event: 4.697 Thread 0x000002a07558f800 DEOPT UNPACKING pc=0x000002a05d6083af sp=0x000000db60ef6378 mode 2
Event: 4.697 Thread 0x000002a07558f800 Uncommon trap: trap_request=0xffffffbe fr.pc=0x000002a06522463c relative=0x000000000000095c
Event: 4.697 Thread 0x000002a07558f800 Uncommon trap: reason=profile_predicate action=maybe_recompile pc=0x000002a06522463c method=jdk.internal.jimage.ImageStringsReader.charsFromByteBuffer([CLjava/nio/ByteBuffer;)V @ 6 c2
Event: 4.697 Thread 0x000002a07558f800 DEOPT PACKING pc=0x000002a06522463c sp=0x000000db60ef64a0
Event: 4.697 Thread 0x000002a07558f800 DEOPT UNPACKING pc=0x000002a05d6083af sp=0x000000db60ef6378 mode 2
Event: 4.697 Thread 0x000002a07558f800 Uncommon trap: trap_request=0xffffffbe fr.pc=0x000002a06522463c relative=0x000000000000095c
Event: 4.697 Thread 0x000002a07558f800 Uncommon trap: reason=profile_predicate action=maybe_recompile pc=0x000002a06522463c method=jdk.internal.jimage.ImageStringsReader.charsFromByteBuffer([CLjava/nio/ByteBuffer;)V @ 6 c2
Event: 4.697 Thread 0x000002a07558f800 DEOPT PACKING pc=0x000002a06522463c sp=0x000000db60ef64a0
Event: 4.697 Thread 0x000002a07558f800 DEOPT UNPACKING pc=0x000002a05d6083af sp=0x000000db60ef6378 mode 2
Event: 4.697 Thread 0x000002a07558f800 Uncommon trap: trap_request=0xffffffbe fr.pc=0x000002a06522463c relative=0x000000000000095c
Event: 4.697 Thread 0x000002a07558f800 Uncommon trap: reason=profile_predicate action=maybe_recompile pc=0x000002a06522463c method=jdk.internal.jimage.ImageStringsReader.charsFromByteBuffer([CLjava/nio/ByteBuffer;)V @ 6 c2
Event: 4.697 Thread 0x000002a07558f800 DEOPT PACKING pc=0x000002a06522463c sp=0x000000db60ef64a0
Event: 4.697 Thread 0x000002a07558f800 DEOPT UNPACKING pc=0x000002a05d6083af sp=0x000000db60ef6378 mode 2
Event: 4.697 Thread 0x000002a07558f800 DEOPT PACKING pc=0x000002a05dc5ab9b sp=0x000000db60ef80b0
Event: 4.698 Thread 0x000002a07558f800 DEOPT UNPACKING pc=0x000002a05d627c0e sp=0x000000db60ef75f0 mode 0

Classes redefined (0 events):
No events

Internal exceptions (20 events):
Event: 4.460 Thread 0x000002a07558f800 Exception <a 'java/lang/ClassNotFoundException'{0x00000000a4cd6a48}: groovy/lang/GStringCustomizer> (0x00000000a4cd6a48) thrown at [./src/hotspot/share/classfile/systemDictionary.cpp, line 231]
Event: 4.461 Thread 0x000002a07558f800 Exception <a 'java/lang/ClassNotFoundException'{0x00000000a4b16358}: groovy/lang/GString$1Customizer> (0x00000000a4b16358) thrown at [./src/hotspot/share/classfile/systemDictionary.cpp, line 231]
Event: 4.470 Thread 0x000002a07558f800 Exception <a 'java/lang/ClassNotFoundException'{0x00000000a48cdb10}: org/codehaus/groovy/runtime/GStringImplBeanInfo> (0x00000000a48cdb10) thrown at [./src/hotspot/share/classfile/systemDictionary.cpp, line 231]
Event: 4.474 Thread 0x000002a07558f800 Exception <a 'java/lang/ClassNotFoundException'{0x00000000a3e812c8}: org/codehaus/groovy/runtime/GStringImplCustomizer> (0x00000000a3e812c8) thrown at [./src/hotspot/share/classfile/systemDictionary.cpp, line 231]
Event: 4.482 Thread 0x000002a07558f800 Exception <a 'java/lang/ClassNotFoundException'{0x00000000a3ef82f8}: org/gradle/api/internal/plugins/DefaultObjectConfigurationActionBeanInfo> (0x00000000a3ef82f8) thrown at [./src/hotspot/share/classfile/systemDictionary.cpp, line 231]
Event: 4.483 Thread 0x000002a07558f800 Exception <a 'java/lang/ClassNotFoundException'{0x00000000a3d25240}: org/gradle/api/internal/plugins/DefaultObjectConfigurationActionCustomizer> (0x00000000a3d25240) thrown at [./src/hotspot/share/classfile/systemDictionary.cpp, line 231]
Event: 4.650 Thread 0x000002a07558f800 Exception <a 'java/lang/ClassNotFoundException'{0x00000000a39dd548}: app_plugin_loader_el0buc69hq8s8a2oh7fi6ziraBeanInfo> (0x00000000a39dd548) thrown at [./src/hotspot/share/classfile/systemDictionary.cpp, line 231]
Event: 4.650 Thread 0x000002a07558f800 Exception <a 'java/lang/ClassNotFoundException'{0x00000000a39e3800}: app_plugin_loader_el0buc69hq8s8a2oh7fi6ziraCustomizer> (0x00000000a39e3800) thrown at [./src/hotspot/share/classfile/systemDictionary.cpp, line 231]
Event: 4.659 Thread 0x000002a07558f800 Exception <a 'java/lang/ClassNotFoundException'{0x00000000a384c188}: groovy/json/JsonSlurperBeanInfo> (0x00000000a384c188) thrown at [./src/hotspot/share/classfile/systemDictionary.cpp, line 231]
Event: 4.661 Thread 0x000002a07558f800 Exception <a 'java/lang/ClassNotFoundException'{0x00000000a386f198}: groovy/json/JsonSlurperCustomizer> (0x00000000a386f198) thrown at [./src/hotspot/share/classfile/systemDictionary.cpp, line 231]
Event: 4.706 Thread 0x000002a07558f800 Exception <a 'java/lang/ClassNotFoundException'{0x00000000a379e508}: org/apache/groovy/json/internal/LazyMapBeanInfo> (0x00000000a379e508) thrown at [./src/hotspot/share/classfile/systemDictionary.cpp, line 231]
Event: 4.706 Thread 0x000002a07558f800 Exception <a 'java/lang/ClassNotFoundException'{0x00000000a37a3450}: java/util/AbstractMapBeanInfo> (0x00000000a37a3450) thrown at [./src/hotspot/share/classfile/systemDictionary.cpp, line 231]
Event: 4.706 Thread 0x000002a07558f800 Exception <a 'java/lang/ClassNotFoundException'{0x00000000a37a8498}: java/util/AbstractMapCustomizer> (0x00000000a37a8498) thrown at [./src/hotspot/share/classfile/systemDictionary.cpp, line 231]
Event: 4.708 Thread 0x000002a07558f800 Exception <a 'java/lang/ClassNotFoundException'{0x00000000a37c4820}: org/apache/groovy/json/internal/LazyMapCustomizer> (0x00000000a37c4820) thrown at [./src/hotspot/share/classfile/systemDictionary.cpp, line 231]
Event: 4.760 Thread 0x000002a07558f800 Exception <a 'java/lang/ClassNotFoundException'{0x00000000a3578b28}: java/util/ArrayListBeanInfo> (0x00000000a3578b28) thrown at [./src/hotspot/share/classfile/systemDictionary.cpp, line 231]
Event: 4.760 Thread 0x000002a07558f800 Exception <a 'java/lang/ClassNotFoundException'{0x00000000a357da80}: java/util/AbstractListBeanInfo> (0x00000000a357da80) thrown at [./src/hotspot/share/classfile/systemDictionary.cpp, line 231]
Event: 4.760 Thread 0x000002a07558f800 Exception <a 'java/lang/ClassNotFoundException'{0x00000000a3582c50}: java/util/AbstractCollectionBeanInfo> (0x00000000a3582c50) thrown at [./src/hotspot/share/classfile/systemDictionary.cpp, line 231]
Event: 4.761 Thread 0x000002a07558f800 Exception <a 'java/lang/ClassNotFoundException'{0x00000000a3587bc0}: java/util/AbstractCollectionCustomizer> (0x00000000a3587bc0) thrown at [./src/hotspot/share/classfile/systemDictionary.cpp, line 231]
Event: 4.762 Thread 0x000002a07558f800 Exception <a 'java/lang/ClassNotFoundException'{0x00000000a3595860}: java/util/AbstractListCustomizer> (0x00000000a3595860) thrown at [./src/hotspot/share/classfile/systemDictionary.cpp, line 231]
Event: 4.763 Thread 0x000002a07558f800 Exception <a 'java/lang/ClassNotFoundException'{0x00000000a35a58a8}: java/util/ArrayListCustomizer> (0x00000000a35a58a8) thrown at [./src/hotspot/share/classfile/systemDictionary.cpp, line 231]

Events (20 events):
Event: 4.790 loading class org/gradle/initialization/VintageBuildModelController done
Event: 4.791 loading class org/gradle/configuration/BuildOperationFiringProjectsPreparer$ConfigureBuild
Event: 4.791 loading class org/gradle/configuration/BuildOperationFiringProjectsPreparer$ConfigureBuild done
Event: 4.793 loading class org/gradle/configuration/BuildOperationFiringProjectsPreparer$ConfigureBuild$1
Event: 4.793 loading class org/gradle/configuration/BuildOperationFiringProjectsPreparer$ConfigureBuild$1 done
Event: 4.793 loading class org/gradle/initialization/ConfigureBuildBuildOperationType$Details
Event: 4.793 loading class org/gradle/initialization/ConfigureBuildBuildOperationType$Details done
Event: 4.795 loading class org/gradle/api/internal/DependencyClassPathProvider
Event: 4.795 loading class org/gradle/api/internal/DependencyClassPathProvider done
Event: 4.796 loading class org/gradle/cache/internal/InMemoryCacheDecoratorFactory
Event: 4.796 loading class org/gradle/cache/internal/InMemoryCacheDecoratorFactory done
Event: 4.796 loading class org/gradle/cache/internal/InMemoryCacheDecoratorFactory
Event: 4.796 loading class org/gradle/cache/internal/InMemoryCacheDecoratorFactory done
Event: 4.799 loading class org/gradle/cache/PersistentCache
Event: 4.799 loading class org/gradle/cache/PersistentCache done
Event: 4.799 loading class org/gradle/cache/PersistentCache
Event: 4.799 loading class org/gradle/cache/PersistentCache done
Event: 4.799 loading class org/gradle/cache/PersistentCache
Event: 4.799 loading class org/gradle/cache/PersistentCache done
Event: 4.801 Thread 0x000002a077685800 Thread added: 0x000002a077685800


Dynamic libraries:
0x00007ff712630000 - 0x00007ff71263a000 	C:\Program Files\Android\Android Studio\jre\bin\java.exe
0x00007ffc05a20000 - 0x00007ffc05c29000 	C:\WINDOWS\SYSTEM32\ntdll.dll
0x00007ffc044a0000 - 0x00007ffc0455d000 	C:\WINDOWS\System32\KERNEL32.DLL
0x00007ffc03290000 - 0x00007ffc03604000 	C:\WINDOWS\System32\KERNELBASE.dll
0x00007ffc02f10000 - 0x00007ffc03021000 	C:\WINDOWS\System32\ucrtbase.dll
0x00007ffbfa740000 - 0x00007ffbfa759000 	C:\Program Files\Android\Android Studio\jre\bin\jli.dll
0x00007ffbf7b60000 - 0x00007ffbf7b77000 	C:\Program Files\Android\Android Studio\jre\bin\VCRUNTIME140.dll
0x00007ffc03ff0000 - 0x00007ffc0419c000 	C:\WINDOWS\System32\USER32.dll
0x00007ffbdc320000 - 0x00007ffbdc5c5000 	C:\WINDOWS\WinSxS\amd64_microsoft.windows.common-controls_6595b64144ccf1df_6.0.22000.120_none_9d947278b86cc467\COMCTL32.dll
0x00007ffc031f0000 - 0x00007ffc03216000 	C:\WINDOWS\System32\win32u.dll
0x00007ffc04d40000 - 0x00007ffc04de3000 	C:\WINDOWS\System32\msvcrt.dll
0x00007ffc04360000 - 0x00007ffc04389000 	C:\WINDOWS\System32\GDI32.dll
0x00007ffc030d0000 - 0x00007ffc031e2000 	C:\WINDOWS\System32\gdi32full.dll
0x00007ffc03030000 - 0x00007ffc030cd000 	C:\WINDOWS\System32\msvcp_win.dll
0x00007ffc04300000 - 0x00007ffc04331000 	C:\WINDOWS\System32\IMM32.DLL
0x00007ffbebc90000 - 0x00007ffbebd2d000 	C:\Program Files\Android\Android Studio\jre\bin\msvcp140.dll
0x00007ffbab570000 - 0x00007ffbac045000 	C:\Program Files\Android\Android Studio\jre\bin\server\jvm.dll
0x00007ffc04390000 - 0x00007ffc0443e000 	C:\WINDOWS\System32\ADVAPI32.dll
0x00007ffc05440000 - 0x00007ffc054de000 	C:\WINDOWS\System32\sechost.dll
0x00007ffc05200000 - 0x00007ffc05320000 	C:\WINDOWS\System32\RPCRT4.dll
0x00007ffc05930000 - 0x00007ffc05938000 	C:\WINDOWS\System32\PSAPI.DLL
0x00007ffbfa620000 - 0x00007ffbfa653000 	C:\WINDOWS\SYSTEM32\WINMM.dll
0x00007ffbf2150000 - 0x00007ffbf2159000 	C:\WINDOWS\SYSTEM32\WSOCK32.dll
0x00007ffbfa5c0000 - 0x00007ffbfa5ca000 	C:\WINDOWS\SYSTEM32\VERSION.dll
0x00007ffc04290000 - 0x00007ffc042ff000 	C:\WINDOWS\System32\WS2_32.dll
0x00007ffc02100000 - 0x00007ffc02118000 	C:\WINDOWS\SYSTEM32\kernel.appcore.dll
0x00007ffbf9640000 - 0x00007ffbf9651000 	C:\Program Files\Android\Android Studio\jre\bin\verify.dll
0x00007ffc00870000 - 0x00007ffc00a91000 	C:\WINDOWS\SYSTEM32\DBGHELP.DLL
0x00007ffbf97b0000 - 0x00007ffbf97e1000 	C:\WINDOWS\SYSTEM32\dbgcore.DLL
0x00007ffc03780000 - 0x00007ffc037ff000 	C:\WINDOWS\System32\bcryptPrimitives.dll
0x00007ffbf6740000 - 0x00007ffbf6769000 	C:\Program Files\Android\Android Studio\jre\bin\java.dll
0x00007ffbfa2d0000 - 0x00007ffbfa2db000 	C:\Program Files\Android\Android Studio\jre\bin\jimage.dll
0x00007ffbf78a0000 - 0x00007ffbf78b8000 	C:\Program Files\Android\Android Studio\jre\bin\zip.dll
0x00007ffc04590000 - 0x00007ffc04d3e000 	C:\WINDOWS\System32\SHELL32.dll
0x00007ffc01080000 - 0x00007ffc018e8000 	C:\WINDOWS\SYSTEM32\windows.storage.dll
0x00007ffc04df0000 - 0x00007ffc05168000 	C:\WINDOWS\System32\combase.dll
0x00007ffc00f10000 - 0x00007ffc01076000 	C:\WINDOWS\SYSTEM32\wintypes.dll
0x00007ffc05840000 - 0x00007ffc0592a000 	C:\WINDOWS\System32\SHCORE.dll
0x00007ffc04440000 - 0x00007ffc0449d000 	C:\WINDOWS\System32\shlwapi.dll
0x00007ffc02e40000 - 0x00007ffc02e61000 	C:\WINDOWS\SYSTEM32\profapi.dll
0x00007ffbf6fd0000 - 0x00007ffbf6fea000 	C:\Program Files\Android\Android Studio\jre\bin\net.dll
0x00007ffbfb480000 - 0x00007ffbfb58c000 	C:\WINDOWS\SYSTEM32\WINHTTP.dll
0x00007ffc02530000 - 0x00007ffc02597000 	C:\WINDOWS\system32\mswsock.dll
0x00007ffbf67d0000 - 0x00007ffbf67e4000 	C:\Program Files\Android\Android Studio\jre\bin\nio.dll
0x00007ffbebf00000 - 0x00007ffbebf27000 	C:\Users\om\.gradle\native\e1d6ef7f7dcc3fd88c89a11ec53ec762bb8ba0a96d01ffa2cd45eb1d1d8dd5c5\windows-amd64\native-platform.dll
0x00007ffbbf520000 - 0x00007ffbbf664000 	C:\Users\om\.gradle\native\0d407fdbe67a94daf76414ababcb853783967236a71b16ec16e742cd7a986fd3\windows-amd64\native-platform-file-events.dll
0x00007ffbfa270000 - 0x00007ffbfa27a000 	C:\Program Files\Android\Android Studio\jre\bin\management.dll
0x00007ffbf9620000 - 0x00007ffbf962d000 	C:\Program Files\Android\Android Studio\jre\bin\management_ext.dll
0x00007ffc02770000 - 0x00007ffc02788000 	C:\WINDOWS\SYSTEM32\CRYPTSP.dll
0x00007ffc02060000 - 0x00007ffc02095000 	C:\WINDOWS\system32\rsaenh.dll
0x00007ffc02620000 - 0x00007ffc02649000 	C:\WINDOWS\SYSTEM32\USERENV.dll
0x00007ffc028f0000 - 0x00007ffc02917000 	C:\WINDOWS\SYSTEM32\bcrypt.dll
0x00007ffc02790000 - 0x00007ffc0279c000 	C:\WINDOWS\SYSTEM32\CRYPTBASE.dll
0x00007ffc01bb0000 - 0x00007ffc01bdd000 	C:\WINDOWS\SYSTEM32\IPHLPAPI.DLL
0x00007ffc04340000 - 0x00007ffc04349000 	C:\WINDOWS\System32\NSI.dll
0x00007ffbfa600000 - 0x00007ffbfa619000 	C:\WINDOWS\SYSTEM32\dhcpcsvc6.DLL
0x00007ffbfa940000 - 0x00007ffbfa95e000 	C:\WINDOWS\SYSTEM32\dhcpcsvc.DLL
0x00007ffc01c20000 - 0x00007ffc01d07000 	C:\WINDOWS\SYSTEM32\DNSAPI.dll

dbghelp: loaded successfully - version: 4.0.5 - missing functions: none
symbol engine: initialized successfully - sym options: 0x614 - pdb path: .;C:\Program Files\Android\Android Studio\jre\bin;C:\WINDOWS\SYSTEM32;C:\WINDOWS\WinSxS\amd64_microsoft.windows.common-controls_6595b64144ccf1df_6.0.22000.120_none_9d947278b86cc467;C:\Program Files\Android\Android Studio\jre\bin\server;C:\Users\om\.gradle\native\e1d6ef7f7dcc3fd88c89a11ec53ec762bb8ba0a96d01ffa2cd45eb1d1d8dd5c5\windows-amd64;C:\Users\om\.gradle\native\0d407fdbe67a94daf76414ababcb853783967236a71b16ec16e742cd7a986fd3\windows-amd64

VM Arguments:
jvm_args: --add-opens=java.base/java.util=ALL-UNNAMED --add-opens=java.base/java.lang=ALL-UNNAMED --add-opens=java.base/java.lang.invoke=ALL-UNNAMED --add-opens=java.base/java.util=ALL-UNNAMED --add-opens=java.prefs/java.util.prefs=ALL-UNNAMED --add-opens=java.prefs/java.util.prefs=ALL-UNNAMED --add-opens=java.base/java.nio.charset=ALL-UNNAMED --add-opens=java.base/java.net=ALL-UNNAMED --add-opens=java.base/java.util.concurrent.atomic=ALL-UNNAMED -Xmx1536M -Dfile.encoding=windows-1252 -Duser.country=IN -Duser.language=en -Duser.variant 
java_command: org.gradle.launcher.daemon.bootstrap.GradleDaemon 7.4
java_class_path (initial): C:\Users\om\.gradle\wrapper\dists\gradle-7.4-bin\c0gwcg53nkjbqw7r0h0umtfvt\gradle-7.4\lib\gradle-launcher-7.4.jar
Launcher Type: SUN_STANDARD

[Global flags]
     intx CICompilerCount                          = 4                                         {product} {ergonomic}
     uint ConcGCThreads                            = 2                                         {product} {ergonomic}
     uint G1ConcRefinementThreads                  = 8                                         {product} {ergonomic}
   size_t G1HeapRegionSize                         = 1048576                                   {product} {ergonomic}
    uintx GCDrainStackTargetSize                   = 64                                        {product} {ergonomic}
   size_t InitialHeapSize                          = 130023424                                 {product} {ergonomic}
   size_t MarkStackSize                            = 4194304                                   {product} {ergonomic}
   size_t MaxHeapSize                              = 1610612736                                {product} {command line}
   size_t MaxNewSize                               = 965738496                                 {product} {ergonomic}
   size_t MinHeapDeltaBytes                        = 1048576                                   {product} {ergonomic}
    uintx NonNMethodCodeHeapSize                   = 5836300                                {pd product} {ergonomic}
    uintx NonProfiledCodeHeapSize                  = 122910970                              {pd product} {ergonomic}
    uintx ProfiledCodeHeapSize                     = 122910970                              {pd product} {ergonomic}
    uintx ReservedCodeCacheSize                    = 251658240                              {pd product} {ergonomic}
     bool SegmentedCodeCache                       = true                                      {product} {ergonomic}
     bool UseCompressedClassPointers               = true                                 {lp64_product} {ergonomic}
     bool UseCompressedOops                        = true                                 {lp64_product} {ergonomic}
     bool UseG1GC                                  = true                                      {product} {ergonomic}
     bool UseLargePagesIndividualAllocation        = false                                  {pd product} {ergonomic}

Logging:
Log output configuration:
 #0: stdout all=warning uptime,level,tags
 #1: stderr all=off uptime,level,tags

Environment Variables:
JAVA_HOME=C:\Program Files\Android\Android Studio\jre
CLASSPATH=D:\OmLogistics\employee_attendance\android\\gradle\wrapper\gradle-wrapper.jar
PATH=C:\Users\om\Downloads\gradle-7.4-bin\gradle-7.4\bin;C:\Python310\;C:\ProgramData\Oracle\Java\javapath;C:\WINDOWS\system32;C:\WINDOWS;C:\WINDOWS\System32\Wbem;C:\WINDOWS\System32\WindowsPowerShell\v1.0\;C:\WINDOWS\System32\OpenSSH\;C:\ProgramData\chocolatey\bin;C:\Users\om\AppData\Local\Android\Sdk\platform-tools;C:\Program Files\Git\cmd;C:\Program Files\nodejs\;C:\Users\om\AppData\Local\Programs\Microsoft VS Code\bin;C:\Users\om\AppData\Local\Microsoft\WindowsApps;D:\software\flutter_windows_2.10.0-stable;C:\Users\om\AppData\Roaming\npm;D:\software\flutter_windows_2.10.0-stable\flutter\bin\mingit\cmd
USERNAME=om
OS=Windows_NT
PROCESSOR_IDENTIFIER=Intel64 Family 6 Model 140 Stepping 1, GenuineIntel



---------------  S Y S T E M  ---------------

OS: Windows 10 , 64 bit Build 22000 (10.0.22000.434)
OS uptime: 11 days 0:32 hours

CPU:total 8 (initial active 8) (4 cores per cpu, 2 threads per core) family 6 model 140 stepping 1 microcode 0x86, cmov, cx8, fxsr, mmx, sse, sse2, sse3, ssse3, sse4.1, sse4.2, popcnt, avx, avx2, aes, clmul, erms, 3dnowpref, lzcnt, ht, tsc, tscinvbit, bmi1, bmi2, adx, evex, sha, fma

Memory: 4k page, system-wide physical 7930M (147M free)
TotalPageFile size 32506M (AvailPageFile size 14M)
current process WorkingSet (physical memory assigned to process): 244M, peak: 244M
current process commit charge ("private bytes"): 300M, peak: 301M

vm_info: OpenJDK 64-Bit Server VM (11.0.11+9-b60-7590822) for windows-amd64 JRE (11.0.11+9-b60-7590822), built on Jul 29 2021 21:43:44 by "builder" with MS VC++ 14.0 (VS2015)

END.
